{"meta": {"format": 3, "version": "7.13.2", "timestamp": "2026-02-08T02:18:51.467759", "branch_coverage": false, "show_contexts": false}, "files": {"src\\app\\cron\\api\\external_client.py": {"executed_lines": [3, 4, 5, 6, 7, 9, 10, 11, 13, 16, 19, 35, 36, 37, 38, 41, 42, 48, 49, 50, 52, 68, 69, 71, 77, 79, 82, 93, 94, 98, 101, 102, 112, 114, 117, 118, 119, 120, 122, 123, 129, 131, 132, 134, 141, 143, 144, 151, 153, 154, 160, 162, 163, 169, 171, 186, 187, 189, 196, 198, 201, 212, 213, 217, 220, 221, 231, 233, 236, 239, 245, 247, 248, 250, 258, 266], "summary": {"covered_lines": 76, "num_statements": 87, "percent_covered": 87.35632183908046, "percent_covered_display": "87.36", "missing_lines": 11, "excluded_lines": 0, "percent_statements_covered": 87.35632183908046, "percent_statements_covered_display": "87.36"}, "missing_lines": [237, 251, 268, 269, 277, 279, 280, 287, 289, 290, 297], "excluded_lines": [], "functions": {"TeamDataClient.__init__": {"executed_lines": [35, 36, 37, 38, 41, 42, 48, 49, 50], "summary": {"covered_lines": 9, "num_statements": 9, "percent_covered": 100.0, "percent_covered_display": "100.00", "missing_lines": 0, "excluded_lines": 0, "percent_statements_covered": 100.0, "percent_statements_covered_display": "100.00"}, "missing_lines": [], "excluded_lines": [], "start_line": 19}, "TeamDataClient.fetch_team_data": {"executed_lines": [68, 69, 71, 77, 79, 82, 93, 94, 98, 101, 102, 112, 114, 117, 118, 119, 120, 122, 123, 129, 131, 132, 134, 141, 143, 144, 151, 153, 154, 160, 162, 163, 169], "summary": {"covered_lines": 33, "num_statements": 33, "percent_covered": 100.0, "percent_covered_display": "100.00", "missing_lines": 0, "excluded_lines": 0, "percent_statements_covered": 100.0, "percent_statements_covered_display": "100.00"}, "missing_lines": [], "excluded_lines": [], "start_line": 52}, "TeamDataClient.fetch_batch_by_id": {"executed_lines": [186, 187, 189, 196, 198, 201, 212, 213, 217, 220, 221, 231, 233, 236, 239, 245, 247, 248, 250, 258, 266], "summary": {"covered_lines": 21, "num_statements": 32, "percent_covered": 65.625, "percent_covered_display": "65.62", "missing_lines": 11, "excluded_lines": 0, "percent_statements_covered": 65.625, "percent_statements_covered_display": "65.62"}, "missing_lines": [237, 251, 268, 269, 277, 279, 280, 287, 289, 290, 297], "excluded_lines": [], "start_line": 171}, "": {"executed_lines": [3, 4, 5, 6, 7, 9, 10, 11, 13, 16, 19, 52, 171], "summary": {"covered_lines": 13, "num_statements": 13, "percent_covered": 100.0, "percent_covered_display": "100.00", "missing_lines": 0, "excluded_lines": 0, "percent_statements_covered": 100.0, "percent_statements_covered_display": "100.00"}, "missing_lines": [], "excluded_lines": [], "start_line": 1}}, "classes": {"TeamDataClient": {"executed_lines": [35, 36, 37, 38, 41, 42, 48, 49, 50, 68, 69, 71, 77, 79, 82, 93, 94, 98, 101, 102, 112, 114, 117, 118, 119, 120, 122, 123, 129, 131, 132, 134, 141, 143, 144, 151, 153, 154, 160, 162, 163, 169, 186, 187, 189, 196, 198, 201, 212, 213, 217, 220, 221, 231, 233, 236, 239, 245, 247, 248, 250, 258, 266], "summary": {"covered_lines": 63, "num_statements": 74, "percent_covered": 85.13513513513513, "percent_covered_display": "85.14", "missing_lines": 11, "excluded_lines": 0, "percent_statements_covered": 85.13513513513513, "percent_statements_covered_display": "85.14"}, "missing_lines": [237, 251, 268, 269, 277, 279, 280, 287, 289, 290, 297], "excluded_lines": [], "start_line": 16}, "": {"executed_lines": [3, 4, 5, 6, 7, 9, 10, 11, 13, 16, 19, 52, 171], "summary": {"covered_lines": 13, "num_statements": 13, "percent_covered": 100.0, "percent_covered_display": "100.00", "missing_lines": 0, "excluded_lines": 0, "percent_statements_covered": 100.0, "percent_statements_covered_display": "100.00"}, "missing_lines": [], "excluded_lines": [], "start_line": 1}}}, "src\\app\\cron\\config.py": {"executed_lines": [3, 4, 7, 10, 18, 19, 20, 21, 22, 25, 26, 27, 28, 31, 32, 33, 36, 37, 38, 41, 42, 45, 47, 48, 50, 55, 56, 64], "summary": {"covered_lines": 28, "num_statements": 31, "percent_covered": 90.3225806451613, "percent_covered_display": "90.32", "missing_lines": 3, "excluded_lines": 0, "percent_statements_covered": 90.3225806451613, "percent_statements_covered_display": "90.32"}, "missing_lines": [58, 59, 60], "excluded_lines": [], "functions": {"Settings.database_url": {"executed_lines": [50], "summary": {"covered_lines": 1, "num_statements": 1, "percent_covered": 100.0, "percent_covered_display": "100.00", "missing_lines": 0, "excluded_lines": 0, "percent_statements_covered": 100.0, "percent_statements_covered_display": "100.00"}, "missing_lines": [], "excluded_lines": [], "start_line": 48}, "Settings.external_api_full_url": {"executed_lines": [], "summary": {"covered_lines": 0, "num_statements": 3, "percent_covered": 0.0, "percent_covered_display": "0.00", "missing_lines": 3, "excluded_lines": 0, "percent_statements_covered": 0.0, "percent_statements_covered_display": "0.00"}, "missing_lines": [58, 59, 60], "excluded_lines": [], "start_line": 56}, "": {"executed_lines": [3, 4, 7, 10, 18, 19, 20, 21, 22, 25, 26, 27, 28, 31, 32, 33, 36, 37, 38, 41, 42, 45, 47, 48, 55, 56, 64], "summary": {"covered_lines": 27, "num_statements": 27, "percent_covered": 100.0, "percent_covered_display": "100.00", "missing_lines": 0, "excluded_lines": 0, "percent_statements_covered": 100.0, "percent_statements_covered_display": "100.00"}, "missing_lines": [], "excluded_lines": [], "start_line": 1}}, "classes": {"Settings": {"executed_lines": [50], "summary": {"covered_lines": 1, "num_statements": 4, "percent_covered": 25.0, "percent_covered_display": "25.00", "missing_lines": 3, "excluded_lines": 0, "percent_statements_covered": 25.0, "percent_statements_covered_display": "25.00"}, "missing_lines": [58, 59, 60], "excluded_lines": [], "start_line": 7}, "": {"executed_lines": [3, 4, 7, 10, 18, 19, 20, 21, 22, 25, 26, 27, 28, 31, 32, 33, 36, 37, 38, 41, 42, 45, 47, 48, 55, 56, 64], "summary": {"covered_lines": 27, "num_statements": 27, "percent_covered": 100.0, "percent_covered_display": "100.00", "missing_lines": 0, "excluded_lines": 0, "percent_statements_covered": 100.0, "percent_statements_covered_display": "100.00"}, "missing_lines": [], "excluded_lines": [], "start_line": 1}}}, "src\\app\\cron\\db\\engine.py": {"executed_lines": [3, 4, 5, 6, 7, 8, 9, 10, 12, 15, 18, 42, 44, 45, 54, 64, 70, 71, 72, 77, 79, 80, 85, 88, 100, 101, 102, 103, 105, 106, 108, 111, 121, 123, 124, 126, 127, 128, 129, 131, 132, 136, 138, 143, 145, 146, 151, 154, 158, 159, 160, 164, 165], "summary": {"covered_lines": 53, "num_statements": 53, "percent_covered": 100.0, "percent_covered_display": "100.00", "missing_lines": 0, "excluded_lines": 0, "percent_statements_covered": 100.0, "percent_statements_covered_display": "100.00"}, "missing_lines": [], "excluded_lines": [], "functions": {"create_ingestion_engine": {"executed_lines": [42, 44, 45, 54, 64, 70, 71, 72, 77, 79, 80, 85], "summary": {"covered_lines": 12, "num_statements": 12, "percent_covered": 100.0, "percent_covered_display": "100.00", "missing_lines": 0, "excluded_lines": 0, "percent_statements_covered": 100.0, "percent_statements_covered_display": "100.00"}, "missing_lines": [], "excluded_lines": [], "start_line": 18}, "get_engine": {"executed_lines": [100, 101, 102, 103, 105, 106, 108], "summary": {"covered_lines": 7, "num_statements": 7, "percent_covered": 100.0, "percent_covered_display": "100.00", "missing_lines": 0, "excluded_lines": 0, "percent_statements_covered": 100.0, "percent_statements_covered_display": "100.00"}, "missing_lines": [], "excluded_lines": [], "start_line": 88}, "test_connection": {"executed_lines": [121, 123, 124, 126, 127, 128, 129, 131, 132, 136, 138, 143, 145, 146, 151], "summary": {"covered_lines": 15, "num_statements": 15, "percent_covered": 100.0, "percent_covered_display": "100.00", "missing_lines": 0, "excluded_lines": 0, "percent_statements_covered": 100.0, "percent_statements_covered_display": "100.00"}, "missing_lines": [], "excluded_lines": [], "start_line": 111}, "dispose_engine": {"executed_lines": [158, 159, 160, 164, 165], "summary": {"covered_lines": 5, "num_statements": 5, "percent_covered": 100.0, "percent_covered_display": "100.00", "missing_lines": 0, "excluded_lines": 0, "percent_statements_covered": 100.0, "percent_statements_covered_display": "100.00"}, "missing_lines": [], "excluded_lines": [], "start_line": 154}, "": {"executed_lines": [3, 4, 5, 6, 7, 8, 9, 10, 12, 15, 18, 88, 111, 154], "summary": {"covered_lines": 14, "num_statements": 14, "percent_covered": 100.0, "percent_covered_display": "100.00", "missing_lines": 0, "excluded_lines": 0, "percent_statements_covered": 100.0, "percent_statements_covered_display": "100.00"}, "missing_lines": [], "excluded_lines": [], "start_line": 1}}, "classes": {"": {"executed_lines": [3, 4, 5, 6, 7, 8, 9, 10, 12, 15, 18, 42, 44, 45, 54, 64, 70, 71, 72, 77, 79, 80, 85, 88, 100, 101, 102, 103, 105, 106, 108, 111, 121, 123, 124, 126, 127, 128, 129, 131, 132, 136, 138, 143, 145, 146, 151, 154, 158, 159, 160, 164, 165], "summary": {"covered_lines": 53, "num_statements": 53, "percent_covered": 100.0, "percent_covered_display": "100.00", "missing_lines": 0, "excluded_lines": 0, "percent_statements_covered": 100.0, "percent_statements_covered_display": "100.00"}, "missing_lines": [], "excluded_lines": [], "start_line": 1}}}, "src\\app\\cron\\db\\metadata.py": {"executed_lines": [3, 4, 21, 22, 25, 29, 44, 61, 75, 84, 95, 110, 123, 134, 149, 158, 172, 184, 197], "summary": {"covered_lines": 19, "num_statements": 19, "percent_covered": 100.0, "percent_covered_display": "100.00", "missing_lines": 0, "excluded_lines": 0, "percent_statements_covered": 100.0, "percent_statements_covered_display": "100.00"}, "missing_lines": [], "excluded_lines": [], "functions": {"": {"executed_lines": [3, 4, 21, 22, 25, 29, 44, 61, 75, 84, 95, 110, 123, 134, 149, 158, 172, 184, 197], "summary": {"covered_lines": 19, "num_statements": 19, "percent_covered": 100.0, "percent_covered_display": "100.00", "missing_lines": 0, "excluded_lines": 0, "percent_statements_covered": 100.0, "percent_statements_covered_display": "100.00"}, "missing_lines": [], "excluded_lines": [], "start_line": 1}}, "classes": {"": {"executed_lines": [3, 4, 21, 22, 25, 29, 44, 61, 75, 84, 95, 110, 123, 134, 149, 158, 172, 184, 197], "summary": {"covered_lines": 19, "num_statements": 19, "percent_covered": 100.0, "percent_covered_display": "100.00", "missing_lines": 0, "excluded_lines": 0, "percent_statements_covered": 100.0, "percent_statements_covered_display": "100.00"}, "missing_lines": [], "excluded_lines": [], "start_line": 1}}}, "src\\app\\cron\\db\\migrations_check.py": {"executed_lines": [3, 4, 5, 6, 7, 9, 12, 13, 16, 19, 22, 37, 39, 40, 41, 42, 44, 45, 47, 55, 59, 61, 63, 64, 69, 72, 87, 89, 90, 92, 93, 99, 102, 107, 116, 117, 119, 121, 122, 123, 124, 129], "summary": {"covered_lines": 42, "num_statements": 42, "percent_covered": 100.0, "percent_covered_display": "100.00", "missing_lines": 0, "excluded_lines": 0, "percent_statements_covered": 100.0, "percent_statements_covered_display": "100.00"}, "missing_lines": [], "excluded_lines": [], "functions": {"get_migration_info": {"executed_lines": [37, 39, 40, 41, 42, 44, 45, 47, 55, 59, 61, 63, 64, 69], "summary": {"covered_lines": 14, "num_statements": 14, "percent_covered": 100.0, "percent_covered_display": "100.00", "missing_lines": 0, "excluded_lines": 0, "percent_statements_covered": 100.0, "percent_statements_covered_display": "100.00"}, "missing_lines": [], "excluded_lines": [], "start_line": 22}, "validate_schema_version": {"executed_lines": [87, 89, 90, 92, 93, 99, 102, 107, 116, 117, 119, 121, 122, 123, 124, 129], "summary": {"covered_lines": 16, "num_statements": 16, "percent_covered": 100.0, "percent_covered_display": "100.00", "missing_lines": 0, "excluded_lines": 0, "percent_statements_covered": 100.0, "percent_statements_covered_display": "100.00"}, "missing_lines": [], "excluded_lines": [], "start_line": 72}, "": {"executed_lines": [3, 4, 5, 6, 7, 9, 12, 13, 16, 19, 22, 72], "summary": {"covered_lines": 12, "num_statements": 12, "percent_covered": 100.0, "percent_covered_display": "100.00", "missing_lines": 0, "excluded_lines": 0, "percent_statements_covered": 100.0, "percent_statements_covered_display": "100.00"}, "missing_lines": [], "excluded_lines": [], "start_line": 1}}, "classes": {"SchemaMismatchError": {"executed_lines": [], "summary": {"covered_lines": 0, "num_statements": 0, "percent_covered": 100.0, "percent_covered_display": "100.00", "missing_lines": 0, "excluded_lines": 0, "percent_statements_covered": 100.0, "percent_statements_covered_display": "100.00"}, "missing_lines": [], "excluded_lines": [], "start_line": 16}, "": {"executed_lines": [3, 4, 5, 6, 7, 9, 12, 13, 16, 19, 22, 37, 39, 40, 41, 42, 44, 45, 47, 55, 59, 61, 63, 64, 69, 72, 87, 89, 90, 92, 93, 99, 102, 107, 116, 117, 119, 121, 122, 123, 124, 129], "summary": {"covered_lines": 42, "num_statements": 42, "percent_covered": 100.0, "percent_covered_display": "100.00", "missing_lines": 0, "excluded_lines": 0, "percent_statements_covered": 100.0, "percent_statements_covered_display": "100.00"}, "missing_lines": [], "excluded_lines": [], "start_line": 1}}}, "src\\app\\cron\\db\\repositories.py": {"executed_lines": [8, 9, 10, 11, 12, 13, 15, 27, 40, 47, 49, 64, 67, 70, 76, 92, 108, 111, 114, 117, 121, 124, 133, 141, 167, 168, 169, 172, 173, 174, 177, 178, 180, 192, 205, 213, 239, 242, 243, 245, 246, 247, 248, 275, 298, 301, 302, 304, 305, 306, 307, 335, 360, 363, 364, 398, 407, 414, 416, 463, 529, 563], "summary": {"covered_lines": 62, "num_statements": 148, "percent_covered": 41.891891891891895, "percent_covered_display": "41.89", "missing_lines": 86, "excluded_lines": 0, "percent_statements_covered": 41.891891891891895, "percent_statements_covered_display": "41.89"}, "missing_lines": [65, 77, 80, 81, 84, 85, 87, 88, 90, 109, 118, 134, 136, 137, 139, 175, 206, 208, 209, 211, 240, 251, 253, 255, 264, 273, 299, 309, 311, 322, 333, 361, 366, 367, 368, 369, 372, 374, 376, 386, 388, 393, 395, 435, 436, 437, 438, 440, 451, 452, 455, 484, 485, 487, 489, 490, 492, 493, 495, 496, 498, 499, 501, 505, 508, 511, 512, 514, 515, 516, 539, 543, 544, 546, 547, 548, 561, 588, 589, 592, 595, 596, 597, 599, 611, 612], "excluded_lines": [], "functions": {"TeamMemberRepository.__init__": {"executed_lines": [47], "summary": {"covered_lines": 1, "num_statements": 1, "percent_covered": 100.0, "percent_covered_display": "100.00", "missing_lines": 0, "excluded_lines": 0, "percent_statements_covered": 100.0, "percent_statements_covered_display": "100.00"}, "missing_lines": [], "excluded_lines": [], "start_line": 40}, "TeamMemberRepository.upsert_category": {"executed_lines": [64, 67, 70, 76], "summary": {"covered_lines": 4, "num_statements": 13, "percent_covered": 30.76923076923077, "percent_covered_display": "30.77", "missing_lines": 9, "excluded_lines": 0, "percent_statements_covered": 30.76923076923077, "percent_statements_covered_display": "30.77"}, "missing_lines": [65, 77, 80, 81, 84, 85, 87, 88, 90], "excluded_lines": [], "start_line": 49}, "TeamMemberRepository.upsert_skill": {"executed_lines": [108, 111, 114, 117, 121, 124, 133], "summary": {"covered_lines": 7, "num_statements": 13, "percent_covered": 53.84615384615385, "percent_covered_display": "53.85", "missing_lines": 6, "excluded_lines": 0, "percent_statements_covered": 53.84615384615385, "percent_statements_covered_display": "53.85"}, "missing_lines": [109, 118, 134, 136, 137, 139], "excluded_lines": [], "start_line": 92}, "TeamMemberRepository.upsert_team_member": {"executed_lines": [167, 168, 169, 172, 173, 174, 177, 178, 180, 192, 205], "summary": {"covered_lines": 11, "num_statements": 16, "percent_covered": 68.75, "percent_covered_display": "68.75", "missing_lines": 5, "excluded_lines": 0, "percent_statements_covered": 68.75, "percent_statements_covered_display": "68.75"}, "missing_lines": [175, 206, 208, 209, 211], "excluded_lines": [], "start_line": 141}, "TeamMemberRepository.upsert_team_member_skills": {"executed_lines": [239, 242, 243, 245, 246, 247, 248], "summary": {"covered_lines": 7, "num_statements": 13, "percent_covered": 53.84615384615385, "percent_covered_display": "53.85", "missing_lines": 6, "excluded_lines": 0, "percent_statements_covered": 53.84615384615385, "percent_statements_covered_display": "53.85"}, "missing_lines": [240, 251, 253, 255, 264, 273], "excluded_lines": [], "start_line": 213}, "TeamMemberRepository.upsert_allocations": {"executed_lines": [298, 301, 302, 304, 305, 306, 307], "summary": {"covered_lines": 7, "num_statements": 12, "percent_covered": 58.333333333333336, "percent_covered_display": "58.33", "missing_lines": 5, "excluded_lines": 0, "percent_statements_covered": 58.333333333333336, "percent_statements_covered_display": "58.33"}, "missing_lines": [299, 309, 311, 322, 333], "excluded_lines": [], "start_line": 275}, "TeamMemberRepository.upsert_certifications": {"executed_lines": [360, 363, 364], "summary": {"covered_lines": 3, "num_statements": 15, "percent_covered": 20.0, "percent_covered_display": "20.00", "missing_lines": 12, "excluded_lines": 0, "percent_statements_covered": 20.0, "percent_statements_covered_display": "20.00"}, "missing_lines": [361, 366, 367, 368, 369, 372, 374, 376, 386, 388, 393, 395], "excluded_lines": [], "start_line": 335}, "BatchStateRepository.__init__": {"executed_lines": [414], "summary": {"covered_lines": 1, "num_statements": 1, "percent_covered": 100.0, "percent_covered_display": "100.00", "missing_lines": 0, "excluded_lines": 0, "percent_statements_covered": 100.0, "percent_statements_covered_display": "100.00"}, "missing_lines": [], "excluded_lines": [], "start_line": 407}, "BatchStateRepository.initialize_batch": {"executed_lines": [], "summary": {"covered_lines": 0, "num_statements": 8, "percent_covered": 0.0, "percent_covered_display": "0.00", "missing_lines": 8, "excluded_lines": 0, "percent_statements_covered": 0.0, "percent_statements_covered_display": "0.00"}, "missing_lines": [435, 436, 437, 438, 440, 451, 452, 455], "excluded_lines": [], "start_line": 416}, "BatchStateRepository.update_batch_status": {"executed_lines": [], "summary": {"covered_lines": 0, "num_statements": 19, "percent_covered": 0.0, "percent_covered_display": "0.00", "missing_lines": 19, "excluded_lines": 0, "percent_statements_covered": 0.0, "percent_statements_covered_display": "0.00"}, "missing_lines": [484, 485, 487, 489, 490, 492, 493, 495, 496, 498, 499, 501, 505, 508, 511, 512, 514, 515, 516], "excluded_lines": [], "start_line": 463}, "BatchStateRepository.get_failed_batches": {"executed_lines": [], "summary": {"covered_lines": 0, "num_statements": 7, "percent_covered": 0.0, "percent_covered_display": "0.00", "missing_lines": 7, "excluded_lines": 0, "percent_statements_covered": 0.0, "percent_statements_covered_display": "0.00"}, "missing_lines": [539, 543, 544, 546, 547, 548, 561], "excluded_lines": [], "start_line": 529}, "BatchStateRepository.audit_log": {"executed_lines": [], "summary": {"covered_lines": 0, "num_statements": 9, "percent_covered": 0.0, "percent_covered_display": "0.00", "missing_lines": 9, "excluded_lines": 0, "percent_statements_covered": 0.0, "percent_statements_covered_display": "0.00"}, "missing_lines": [588, 589, 592, 595, 596, 597, 599, 611, 612], "excluded_lines": [], "start_line": 563}, "": {"executed_lines": [8, 9, 10, 11, 12, 13, 15, 27, 40, 49, 92, 141, 213, 275, 335, 398, 407, 416, 463, 529, 563], "summary": {"covered_lines": 21, "num_statements": 21, "percent_covered": 100.0, "percent_covered_display": "100.00", "missing_lines": 0, "excluded_lines": 0, "percent_statements_covered": 100.0, "percent_statements_covered_display": "100.00"}, "missing_lines": [], "excluded_lines": [], "start_line": 1}}, "classes": {"TeamMemberRepository": {"executed_lines": [47, 64, 67, 70, 76, 108, 111, 114, 117, 121, 124, 133, 167, 168, 169, 172, 173, 174, 177, 178, 180, 192, 205, 239, 242, 243, 245, 246, 247, 248, 298, 301, 302, 304, 305, 306, 307, 360, 363, 364], "summary": {"covered_lines": 40, "num_statements": 83, "percent_covered": 48.19277108433735, "percent_covered_display": "48.19", "missing_lines": 43, "excluded_lines": 0, "percent_statements_covered": 48.19277108433735, "percent_statements_covered_display": "48.19"}, "missing_lines": [65, 77, 80, 81, 84, 85, 87, 88, 90, 109, 118, 134, 136, 137, 139, 175, 206, 208, 209, 211, 240, 251, 253, 255, 264, 273, 299, 309, 311, 322, 333, 361, 366, 367, 368, 369, 372, 374, 376, 386, 388, 393, 395], "excluded_lines": [], "start_line": 27}, "BatchStateRepository": {"executed_lines": [414], "summary": {"covered_lines": 1, "num_statements": 44, "percent_covered": 2.272727272727273, "percent_covered_display": "2.27", "missing_lines": 43, "excluded_lines": 0, "percent_statements_covered": 2.272727272727273, "percent_statements_covered_display": "2.27"}, "missing_lines": [435, 436, 437, 438, 440, 451, 452, 455, 484, 485, 487, 489, 490, 492, 493, 495, 496, 498, 499, 501, 505, 508, 511, 512, 514, 515, 516, 539, 543, 544, 546, 547, 548, 561, 588, 589, 592, 595, 596, 597, 599, 611, 612], "excluded_lines": [], "start_line": 398}, "": {"executed_lines": [8, 9, 10, 11, 12, 13, 15, 27, 40, 49, 92, 141, 213, 275, 335, 398, 407, 416, 463, 529, 563], "summary": {"covered_lines": 21, "num_statements": 21, "percent_covered": 100.0, "percent_covered_display": "100.00", "missing_lines": 0, "excluded_lines": 0, "percent_statements_covered": 100.0, "percent_statements_covered_display": "100.00"}, "missing_lines": [], "excluded_lines": [], "start_line": 1}}}, "src\\app\\cron\\main.py": {"executed_lines": [8, 9, 10, 11, 12, 13, 15, 16, 17, 18, 19, 20, 21, 22, 25, 29, 30, 31, 32, 33, 36, 43, 66, 72, 78, 85, 88, 109, 112, 113, 114, 115, 119, 120, 125, 128, 129, 130, 134, 135, 140, 143, 144, 145, 146, 147, 151, 152, 157, 159, 163, 166, 184, 190, 192, 194, 195, 199, 202, 204, 212, 213, 215, 217, 218, 224, 227, 245, 250, 252, 258, 265, 266, 268, 270, 271, 277, 280, 291, 293, 295, 298, 301, 302, 303, 304, 305, 306, 307, 354, 355, 358, 366, 369, 372, 373, 375, 384, 385, 386, 387, 388, 392, 393, 394, 400, 402, 408, 411], "summary": {"covered_lines": 109, "num_statements": 124, "percent_covered": 87.90322580645162, "percent_covered_display": "87.90", "missing_lines": 15, "excluded_lines": 0, "percent_statements_covered": 87.90322580645162, "percent_statements_covered_display": "87.90"}, "missing_lines": [308, 311, 314, 315, 317, 322, 328, 329, 331, 333, 334, 342, 349, 351, 412], "excluded_lines": [], "functions": {"parse_args": {"executed_lines": [43, 66, 72, 78, 85], "summary": {"covered_lines": 5, "num_statements": 5, "percent_covered": 100.0, "percent_covered_display": "100.00", "missing_lines": 0, "excluded_lines": 0, "percent_statements_covered": 100.0, "percent_statements_covered_display": "100.00"}, "missing_lines": [], "excluded_lines": [], "start_line": 36}, "pre_run_checks": {"executed_lines": [109, 112, 113, 114, 115, 119, 120, 125, 128, 129, 130, 134, 135, 140, 143, 144, 145, 146, 147, 151, 152, 157, 159, 163], "summary": {"covered_lines": 24, "num_statements": 24, "percent_covered": 100.0, "percent_covered_display": "100.00", "missing_lines": 0, "excluded_lines": 0, "percent_statements_covered": 100.0, "percent_statements_covered_display": "100.00"}, "missing_lines": [], "excluded_lines": [], "start_line": 88}, "run_ingestion": {"executed_lines": [184, 190, 192, 194, 195, 199, 202, 204, 212, 213, 215, 217, 218, 224], "summary": {"covered_lines": 14, "num_statements": 14, "percent_covered": 100.0, "percent_covered_display": "100.00", "missing_lines": 0, "excluded_lines": 0, "percent_statements_covered": 100.0, "percent_statements_covered_display": "100.00"}, "missing_lines": [], "excluded_lines": [], "start_line": 166}, "run_retry": {"executed_lines": [245, 250, 252, 258, 265, 266, 268, 270, 271, 277], "summary": {"covered_lines": 10, "num_statements": 10, "percent_covered": 100.0, "percent_covered_display": "100.00", "missing_lines": 0, "excluded_lines": 0, "percent_statements_covered": 100.0, "percent_statements_covered_display": "100.00"}, "missing_lines": [], "excluded_lines": [], "start_line": 227}, "main_async": {"executed_lines": [291, 293, 295, 298, 301, 302, 303, 304, 305, 306, 307, 354, 355], "summary": {"covered_lines": 13, "num_statements": 27, "percent_covered": 48.148148148148145, "percent_covered_display": "48.15", "missing_lines": 14, "excluded_lines": 0, "percent_statements_covered": 48.148148148148145, "percent_statements_covered_display": "48.15"}, "missing_lines": [308, 311, 314, 315, 317, 322, 328, 329, 331, 333, 334, 342, 349, 351], "excluded_lines": [], "start_line": 280}, "main": {"executed_lines": [366, 369, 372, 373, 375, 384, 385, 386, 387, 388, 392, 393, 394, 400, 402, 408], "summary": {"covered_lines": 16, "num_statements": 16, "percent_covered": 100.0, "percent_covered_display": "100.00", "missing_lines": 0, "excluded_lines": 0, "percent_statements_covered": 100.0, "percent_statements_covered_display": "100.00"}, "missing_lines": [], "excluded_lines": [], "start_line": 358}, "": {"executed_lines": [8, 9, 10, 11, 12, 13, 15, 16, 17, 18, 19, 20, 21, 22, 25, 29, 30, 31, 32, 33, 36, 88, 166, 227, 280, 358, 411], "summary": {"covered_lines": 27, "num_statements": 28, "percent_covered": 96.42857142857143, "percent_covered_display": "96.43", "missing_lines": 1, "excluded_lines": 0, "percent_statements_covered": 96.42857142857143, "percent_statements_covered_display": "96.43"}, "missing_lines": [412], "excluded_lines": [], "start_line": 1}}, "classes": {"": {"executed_lines": [8, 9, 10, 11, 12, 13, 15, 16, 17, 18, 19, 20, 21, 22, 25, 29, 30, 31, 32, 33, 36, 43, 66, 72, 78, 85, 88, 109, 112, 113, 114, 115, 119, 120, 125, 128, 129, 130, 134, 135, 140, 143, 144, 145, 146, 147, 151, 152, 157, 159, 163, 166, 184, 190, 192, 194, 195, 199, 202, 204, 212, 213, 215, 217, 218, 224, 227, 245, 250, 252, 258, 265, 266, 268, 270, 271, 277, 280, 291, 293, 295, 298, 301, 302, 303, 304, 305, 306, 307, 354, 355, 358, 366, 369, 372, 373, 375, 384, 385, 386, 387, 388, 392, 393, 394, 400, 402, 408, 411], "summary": {"covered_lines": 109, "num_statements": 124, "percent_covered": 87.90322580645162, "percent_covered_display": "87.90", "missing_lines": 15, "excluded_lines": 0, "percent_statements_covered": 87.90322580645162, "percent_statements_covered_display": "87.90"}, "missing_lines": [308, 311, 314, 315, 317, 322, 328, 329, 331, 333, 334, 342, 349, 351, 412], "excluded_lines": [], "start_line": 1}}}, "src\\app\\cron\\oauth\\token_client.py": {"executed_lines": [3, 4, 5, 6, 7, 8, 10, 11, 13, 16, 19, 21, 22, 24, 31, 32, 35, 36, 38, 46, 47, 49, 56, 63, 64, 65, 67, 69, 70, 71, 74, 77, 95, 96, 97, 98, 99, 100, 103, 104, 110, 111, 112, 114, 126, 129, 130, 131, 135, 138, 144, 146, 158, 160, 161, 176, 178, 181, 182, 183, 186, 187, 190, 192, 198, 200, 201, 202, 208, 210, 216, 218, 219, 224, 226, 227, 232, 234, 236], "summary": {"covered_lines": 79, "num_statements": 80, "percent_covered": 98.75, "percent_covered_display": "98.75", "missing_lines": 1, "excluded_lines": 0, "percent_statements_covered": 98.75, "percent_statements_covered_display": "98.75"}, "missing_lines": [184], "excluded_lines": [], "functions": {"TokenCache.__init__": {"executed_lines": [21, 22], "summary": {"covered_lines": 2, "num_statements": 2, "percent_covered": 100.0, "percent_covered_display": "100.00", "missing_lines": 0, "excluded_lines": 0, "percent_statements_covered": 100.0, "percent_statements_covered_display": "100.00"}, "missing_lines": [], "excluded_lines": [], "start_line": 19}, "TokenCache.is_valid": {"executed_lines": [31, 32, 35, 36], "summary": {"covered_lines": 4, "num_statements": 4, "percent_covered": 100.0, "percent_covered_display": "100.00", "missing_lines": 0, "excluded_lines": 0, "percent_statements_covered": 100.0, "percent_statements_covered_display": "100.00"}, "missing_lines": [], "excluded_lines": [], "start_line": 24}, "TokenCache.store": {"executed_lines": [46, 47, 49], "summary": {"covered_lines": 3, "num_statements": 3, "percent_covered": 100.0, "percent_covered_display": "100.00", "missing_lines": 0, "excluded_lines": 0, "percent_statements_covered": 100.0, "percent_statements_covered_display": "100.00"}, "missing_lines": [], "excluded_lines": [], "start_line": 38}, "TokenCache.get_token": {"executed_lines": [63, 64, 65], "summary": {"covered_lines": 3, "num_statements": 3, "percent_covered": 100.0, "percent_covered_display": "100.00", "missing_lines": 0, "excluded_lines": 0, "percent_statements_covered": 100.0, "percent_statements_covered_display": "100.00"}, "missing_lines": [], "excluded_lines": [], "start_line": 56}, "TokenCache.clear": {"executed_lines": [69, 70, 71], "summary": {"covered_lines": 3, "num_statements": 3, "percent_covered": 100.0, "percent_covered_display": "100.00", "missing_lines": 0, "excluded_lines": 0, "percent_statements_covered": 100.0, "percent_statements_covered_display": "100.00"}, "missing_lines": [], "excluded_lines": [], "start_line": 67}, "OAuthClient.__init__": {"executed_lines": [95, 96, 97, 98, 99, 100, 103, 104, 110, 111, 112], "summary": {"covered_lines": 11, "num_statements": 11, "percent_covered": 100.0, "percent_covered_display": "100.00", "missing_lines": 0, "excluded_lines": 0, "percent_statements_covered": 100.0, "percent_statements_covered_display": "100.00"}, "missing_lines": [], "excluded_lines": [], "start_line": 77}, "OAuthClient.get_access_token": {"executed_lines": [126, 129, 130, 131, 135, 138, 144], "summary": {"covered_lines": 7, "num_statements": 7, "percent_covered": 100.0, "percent_covered_display": "100.00", "missing_lines": 0, "excluded_lines": 0, "percent_statements_covered": 100.0, "percent_statements_covered_display": "100.00"}, "missing_lines": [], "excluded_lines": [], "start_line": 114}, "OAuthClient._fetch_new_token": {"executed_lines": [158, 160, 161, 176, 178, 181, 182, 183, 186, 187, 190, 192, 198, 200, 201, 202, 208, 210, 216, 218, 219, 224, 226, 227, 232], "summary": {"covered_lines": 25, "num_statements": 26, "percent_covered": 96.15384615384616, "percent_covered_display": "96.15", "missing_lines": 1, "excluded_lines": 0, "percent_statements_covered": 96.15384615384616, "percent_statements_covered_display": "96.15"}, "missing_lines": [184], "excluded_lines": [], "start_line": 146}, "OAuthClient.clear_cache": {"executed_lines": [236], "summary": {"covered_lines": 1, "num_statements": 1, "percent_covered": 100.0, "percent_covered_display": "100.00", "missing_lines": 0, "excluded_lines": 0, "percent_statements_covered": 100.0, "percent_statements_covered_display": "100.00"}, "missing_lines": [], "excluded_lines": [], "start_line": 234}, "": {"executed_lines": [3, 4, 5, 6, 7, 8, 10, 11, 13, 16, 19, 24, 38, 56, 67, 74, 77, 114, 146, 234], "summary": {"covered_lines": 20, "num_statements": 20, "percent_covered": 100.0, "percent_covered_display": "100.00", "missing_lines": 0, "excluded_lines": 0, "percent_statements_covered": 100.0, "percent_statements_covered_display": "100.00"}, "missing_lines": [], "excluded_lines": [], "start_line": 1}}, "classes": {"TokenCache": {"executed_lines": [21, 22, 31, 32, 35, 36, 46, 47, 49, 63, 64, 65, 69, 70, 71], "summary": {"covered_lines": 15, "num_statements": 15, "percent_covered": 100.0, "percent_covered_display": "100.00", "missing_lines": 0, "excluded_lines": 0, "percent_statements_covered": 100.0, "percent_statements_covered_display": "100.00"}, "missing_lines": [], "excluded_lines": [], "start_line": 16}, "OAuthClient": {"executed_lines": [95, 96, 97, 98, 99, 100, 103, 104, 110, 111, 112, 126, 129, 130, 131, 135, 138, 144, 158, 160, 161, 176, 178, 181, 182, 183, 186, 187, 190, 192, 198, 200, 201, 202, 208, 210, 216, 218, 219, 224, 226, 227, 232, 236], "summary": {"covered_lines": 44, "num_statements": 45, "percent_covered": 97.77777777777777, "percent_covered_display": "97.78", "missing_lines": 1, "excluded_lines": 0, "percent_statements_covered": 97.77777777777777, "percent_statements_covered_display": "97.78"}, "missing_lines": [184], "excluded_lines": [], "start_line": 74}, "": {"executed_lines": [3, 4, 5, 6, 7, 8, 10, 11, 13, 16, 19, 24, 38, 56, 67, 74, 77, 114, 146, 234], "summary": {"covered_lines": 20, "num_statements": 20, "percent_covered": 100.0, "percent_covered_display": "100.00", "missing_lines": 0, "excluded_lines": 0, "percent_statements_covered": 100.0, "percent_statements_covered_display": "100.00"}, "missing_lines": [], "excluded_lines": [], "start_line": 1}}}, "src\\app\\cron\\processing\\batch_processor.py": {"executed_lines": [7, 8, 9, 11, 14, 17, 29, 37, 38, 39, 40, 41, 43, 73, 80, 82, 90, 96, 97, 98, 99, 102, 103, 104, 109, 112, 119, 121, 127, 129, 131, 134, 136, 143, 145, 161, 162, 163, 165, 171, 172, 174, 175, 176, 178, 179, 183, 185, 188, 195, 196, 200, 201, 202, 208, 215, 217, 235, 237, 238, 240, 244, 245, 247, 249, 250, 252, 255, 258, 261, 262, 269, 270, 271, 277, 278, 279, 280, 282, 283, 284, 285, 286, 288, 289, 295, 303, 320, 323, 328, 330, 331], "summary": {"covered_lines": 92, "num_statements": 93, "percent_covered": 98.9247311827957, "percent_covered_display": "98.92", "missing_lines": 1, "excluded_lines": 0, "percent_statements_covered": 98.9247311827957, "percent_statements_covered_display": "98.92"}, "missing_lines": [198], "excluded_lines": [], "functions": {"BatchProcessor.__init__": {"executed_lines": [37, 38, 39, 40, 41], "summary": {"covered_lines": 5, "num_statements": 5, "percent_covered": 100.0, "percent_covered_display": "100.00", "missing_lines": 0, "excluded_lines": 0, "percent_statements_covered": 100.0, "percent_statements_covered_display": "100.00"}, "missing_lines": [], "excluded_lines": [], "start_line": 29}, "BatchProcessor.process_batch": {"executed_lines": [73, 80, 82, 90, 96, 97, 98, 99, 102, 103, 104, 109, 112, 119, 121, 127, 129, 131, 134, 136, 143], "summary": {"covered_lines": 21, "num_statements": 21, "percent_covered": 100.0, "percent_covered_display": "100.00", "missing_lines": 0, "excluded_lines": 0, "percent_statements_covered": 100.0, "percent_statements_covered_display": "100.00"}, "missing_lines": [], "excluded_lines": [], "start_line": 43}, "BatchProcessor.process_all_batches": {"executed_lines": [161, 162, 163, 165, 171, 172, 174, 175, 176, 178, 179, 183, 185, 188, 195, 196, 200, 201, 202, 208, 215], "summary": {"covered_lines": 21, "num_statements": 22, "percent_covered": 95.45454545454545, "percent_covered_display": "95.45", "missing_lines": 1, "excluded_lines": 0, "percent_statements_covered": 95.45454545454545, "percent_statements_covered_display": "95.45"}, "missing_lines": [198], "excluded_lines": [], "start_line": 145}, "BatchProcessor._process_team_member": {"executed_lines": [235, 237, 238, 240, 244, 245, 247, 249, 250, 252, 255, 258, 261, 262, 269, 270, 271, 277, 278, 279, 280, 282, 283, 284, 285, 286, 288, 289, 295], "summary": {"covered_lines": 29, "num_statements": 29, "percent_covered": 100.0, "percent_covered_display": "100.00", "missing_lines": 0, "excluded_lines": 0, "percent_statements_covered": 100.0, "percent_statements_covered_display": "100.00"}, "missing_lines": [], "excluded_lines": [], "start_line": 217}, "BatchProcessor._mark_batch_failed": {"executed_lines": [320, 323, 328, 330, 331], "summary": {"covered_lines": 5, "num_statements": 5, "percent_covered": 100.0, "percent_covered_display": "100.00", "missing_lines": 0, "excluded_lines": 0, "percent_statements_covered": 100.0, "percent_statements_covered_display": "100.00"}, "missing_lines": [], "excluded_lines": [], "start_line": 303}, "": {"executed_lines": [7, 8, 9, 11, 14, 17, 29, 43, 145, 217, 303], "summary": {"covered_lines": 11, "num_statements": 11, "percent_covered": 100.0, "percent_covered_display": "100.00", "missing_lines": 0, "excluded_lines": 0, "percent_statements_covered": 100.0, "percent_statements_covered_display": "100.00"}, "missing_lines": [], "excluded_lines": [], "start_line": 1}}, "classes": {"BatchProcessor": {"executed_lines": [37, 38, 39, 40, 41, 73, 80, 82, 90, 96, 97, 98, 99, 102, 103, 104, 109, 112, 119, 121, 127, 129, 131, 134, 136, 143, 161, 162, 163, 165, 171, 172, 174, 175, 176, 178, 179, 183, 185, 188, 195, 196, 200, 201, 202, 208, 215, 235, 237, 238, 240, 244, 245, 247, 249, 250, 252, 255, 258, 261, 262, 269, 270, 271, 277, 278, 279, 280, 282, 283, 284, 285, 286, 288, 289, 295, 320, 323, 328, 330, 331], "summary": {"covered_lines": 81, "num_statements": 82, "percent_covered": 98.78048780487805, "percent_covered_display": "98.78", "missing_lines": 1, "excluded_lines": 0, "percent_statements_covered": 98.78048780487805, "percent_statements_covered_display": "98.78"}, "missing_lines": [198], "excluded_lines": [], "start_line": 17}, "": {"executed_lines": [7, 8, 9, 11, 14, 17, 29, 43, 145, 217, 303], "summary": {"covered_lines": 11, "num_statements": 11, "percent_covered": 100.0, "percent_covered_display": "100.00", "missing_lines": 0, "excluded_lines": 0, "percent_statements_covered": 100.0, "percent_statements_covered_display": "100.00"}, "missing_lines": [], "excluded_lines": [], "start_line": 1}}}, "src\\app\\cron\\processing\\error_classifier.py": {"executed_lines": [8, 9, 10, 11, 14, 24, 25, 26, 27, 30, 31, 32, 33, 34, 37, 38, 39, 42, 72, 78, 81, 82, 83, 85, 86, 87, 88, 89, 90, 91, 92, 93, 94, 97, 98, 100, 102, 103, 106, 109, 110, 115, 116, 119, 120, 123, 124, 127, 128, 131, 134, 169, 176, 179, 199, 200, 203, 210, 214, 216], "summary": {"covered_lines": 60, "num_statements": 61, "percent_covered": 98.36065573770492, "percent_covered_display": "98.36", "missing_lines": 1, "excluded_lines": 0, "percent_statements_covered": 98.36065573770492, "percent_statements_covered_display": "98.36"}, "missing_lines": [113], "excluded_lines": [], "functions": {"classify_error": {"executed_lines": [72, 78, 81, 82, 83, 85, 86, 87, 88, 89, 90, 91, 92, 93, 94, 97, 98, 100, 102, 103, 106, 109, 110, 115, 116, 119, 120, 123, 124, 127, 128, 131], "summary": {"covered_lines": 32, "num_statements": 33, "percent_covered": 96.96969696969697, "percent_covered_display": "96.97", "missing_lines": 1, "excluded_lines": 0, "percent_statements_covered": 96.96969696969697, "percent_statements_covered_display": "96.97"}, "missing_lines": [113], "excluded_lines": [], "start_line": 42}, "is_retryable": {"executed_lines": [169, 176], "summary": {"covered_lines": 2, "num_statements": 2, "percent_covered": 100.0, "percent_covered_display": "100.00", "missing_lines": 0, "excluded_lines": 0, "percent_statements_covered": 100.0, "percent_statements_covered_display": "100.00"}, "missing_lines": [], "excluded_lines": [], "start_line": 134}, "get_retry_delay": {"executed_lines": [199, 200, 203, 210, 214, 216], "summary": {"covered_lines": 6, "num_statements": 6, "percent_covered": 100.0, "percent_covered_display": "100.00", "missing_lines": 0, "excluded_lines": 0, "percent_statements_covered": 100.0, "percent_statements_covered_display": "100.00"}, "missing_lines": [], "excluded_lines": [], "start_line": 179}, "": {"executed_lines": [8, 9, 10, 11, 14, 24, 25, 26, 27, 30, 31, 32, 33, 34, 37, 38, 39, 42, 134, 179], "summary": {"covered_lines": 20, "num_statements": 20, "percent_covered": 100.0, "percent_covered_display": "100.00", "missing_lines": 0, "excluded_lines": 0, "percent_statements_covered": 100.0, "percent_statements_covered_display": "100.00"}, "missing_lines": [], "excluded_lines": [], "start_line": 1}}, "classes": {"ErrorCategory": {"executed_lines": [], "summary": {"covered_lines": 0, "num_statements": 0, "percent_covered": 100.0, "percent_covered_display": "100.00", "missing_lines": 0, "excluded_lines": 0, "percent_statements_covered": 100.0, "percent_statements_covered_display": "100.00"}, "missing_lines": [], "excluded_lines": [], "start_line": 14}, "": {"executed_lines": [8, 9, 10, 11, 14, 24, 25, 26, 27, 30, 31, 32, 33, 34, 37, 38, 39, 42, 72, 78, 81, 82, 83, 85, 86, 87, 88, 89, 90, 91, 92, 93, 94, 97, 98, 100, 102, 103, 106, 109, 110, 115, 116, 119, 120, 123, 124, 127, 128, 131, 134, 169, 176, 179, 199, 200, 203, 210, 214, 216], "summary": {"covered_lines": 60, "num_statements": 61, "percent_covered": 98.36065573770492, "percent_covered_display": "98.36", "missing_lines": 1, "excluded_lines": 0, "percent_statements_covered": 98.36065573770492, "percent_statements_covered_display": "98.36"}, "missing_lines": [113], "excluded_lines": [], "start_line": 1}}}, "src\\app\\cron\\processing\\retry_manager.py": {"executed_lines": [8, 9, 10, 11, 12, 14, 15, 16, 19, 22, 34, 48, 49, 50, 51, 52, 54, 80, 81, 84, 87, 89, 110, 111, 114, 115, 120, 123, 124, 126, 127, 133, 136, 137, 138, 139, 140, 141, 146, 147, 149, 156, 157, 158, 159, 161, 162, 168, 170, 175, 177, 206, 209, 211, 218, 219, 220, 221, 223, 230, 231, 233, 234, 236, 238, 245, 248, 249, 250, 251, 253, 261, 267, 274, 275, 276, 284, 285, 286, 288, 296, 298, 299, 302, 303, 305, 307, 317, 324, 326, 340, 348, 355, 356, 359, 371], "summary": {"covered_lines": 96, "num_statements": 96, "percent_covered": 100.0, "percent_covered_display": "100.00", "missing_lines": 0, "excluded_lines": 0, "percent_statements_covered": 100.0, "percent_statements_covered_display": "100.00"}, "missing_lines": [], "excluded_lines": [], "functions": {"RetryManager.__init__": {"executed_lines": [48, 49, 50, 51, 52], "summary": {"covered_lines": 5, "num_statements": 5, "percent_covered": 100.0, "percent_covered_display": "100.00", "missing_lines": 0, "excluded_lines": 0, "percent_statements_covered": 100.0, "percent_statements_covered_display": "100.00"}, "missing_lines": [], "excluded_lines": [], "start_line": 34}, "RetryManager.calculate_retry_delay": {"executed_lines": [80, 81, 84, 87], "summary": {"covered_lines": 4, "num_statements": 4, "percent_covered": 100.0, "percent_covered_display": "100.00", "missing_lines": 0, "excluded_lines": 0, "percent_statements_covered": 100.0, "percent_statements_covered_display": "100.00"}, "missing_lines": [], "excluded_lines": [], "start_line": 54}, "RetryManager.should_retry_batch": {"executed_lines": [110, 111, 114, 115, 120, 123, 124, 126, 127, 133, 136, 137, 138, 139, 140, 141, 146, 147, 149, 156, 157, 158, 159, 161, 162, 168, 170, 175], "summary": {"covered_lines": 28, "num_statements": 28, "percent_covered": 100.0, "percent_covered_display": "100.00", "missing_lines": 0, "excluded_lines": 0, "percent_statements_covered": 100.0, "percent_statements_covered_display": "100.00"}, "missing_lines": [], "excluded_lines": [], "start_line": 89}, "RetryManager.retry_failed_batches": {"executed_lines": [206, 209, 211, 218, 219, 220, 221, 223, 230, 231, 233, 234, 236, 238, 245, 248, 249, 250, 251, 253, 261, 267, 274, 275, 276, 284, 285, 286, 288, 296, 298, 299, 302, 303, 305, 307, 317, 324], "summary": {"covered_lines": 38, "num_statements": 38, "percent_covered": 100.0, "percent_covered_display": "100.00", "missing_lines": 0, "excluded_lines": 0, "percent_statements_covered": 100.0, "percent_statements_covered_display": "100.00"}, "missing_lines": [], "excluded_lines": [], "start_line": 177}, "RetryManager._mark_batch_abandoned": {"executed_lines": [340, 348, 355, 356, 359, 371], "summary": {"covered_lines": 6, "num_statements": 6, "percent_covered": 100.0, "percent_covered_display": "100.00", "missing_lines": 0, "excluded_lines": 0, "percent_statements_covered": 100.0, "percent_statements_covered_display": "100.00"}, "missing_lines": [], "excluded_lines": [], "start_line": 326}, "": {"executed_lines": [8, 9, 10, 11, 12, 14, 15, 16, 19, 22, 34, 54, 89, 177, 326], "summary": {"covered_lines": 15, "num_statements": 15, "percent_covered": 100.0, "percent_covered_display": "100.00", "missing_lines": 0, "excluded_lines": 0, "percent_statements_covered": 100.0, "percent_statements_covered_display": "100.00"}, "missing_lines": [], "excluded_lines": [], "start_line": 1}}, "classes": {"RetryManager": {"executed_lines": [48, 49, 50, 51, 52, 80, 81, 84, 87, 110, 111, 114, 115, 120, 123, 124, 126, 127, 133, 136, 137, 138, 139, 140, 141, 146, 147, 149, 156, 157, 158, 159, 161, 162, 168, 170, 175, 206, 209, 211, 218, 219, 220, 221, 223, 230, 231, 233, 234, 236, 238, 245, 248, 249, 250, 251, 253, 261, 267, 274, 275, 276, 284, 285, 286, 288, 296, 298, 299, 302, 303, 305, 307, 317, 324, 340, 348, 355, 356, 359, 371], "summary": {"covered_lines": 81, "num_statements": 81, "percent_covered": 100.0, "percent_covered_display": "100.00", "missing_lines": 0, "excluded_lines": 0, "percent_statements_covered": 100.0, "percent_statements_covered_display": "100.00"}, "missing_lines": [], "excluded_lines": [], "start_line": 22}, "": {"executed_lines": [8, 9, 10, 11, 12, 14, 15, 16, 19, 22, 34, 54, 89, 177, 326], "summary": {"covered_lines": 15, "num_statements": 15, "percent_covered": 100.0, "percent_covered_display": "100.00", "missing_lines": 0, "excluded_lines": 0, "percent_statements_covered": 100.0, "percent_statements_covered_display": "100.00"}, "missing_lines": [], "excluded_lines": [], "start_line": 1}}}, "src\\app\\cron\\utils\\logging.py": {"executed_lines": [7, 8, 14, 22], "summary": {"covered_lines": 4, "num_statements": 6, "percent_covered": 66.66666666666667, "percent_covered_display": "66.67", "missing_lines": 2, "excluded_lines": 0, "percent_statements_covered": 66.66666666666667, "percent_statements_covered_display": "66.67"}, "missing_lines": [36, 37], "excluded_lines": [], "functions": {"generate_correlation_id": {"executed_lines": [], "summary": {"covered_lines": 0, "num_statements": 2, "percent_covered": 0.0, "percent_covered_display": "0.00", "missing_lines": 2, "excluded_lines": 0, "percent_statements_covered": 0.0, "percent_statements_covered_display": "0.00"}, "missing_lines": [36, 37], "excluded_lines": [], "start_line": 22}, "": {"executed_lines": [7, 8, 14, 22], "summary": {"covered_lines": 4, "num_statements": 4, "percent_covered": 100.0, "percent_covered_display": "100.00", "missing_lines": 0, "excluded_lines": 0, "percent_statements_covered": 100.0, "percent_statements_covered_display": "100.00"}, "missing_lines": [], "excluded_lines": [], "start_line": 1}}, "classes": {"": {"executed_lines": [7, 8, 14, 22], "summary": {"covered_lines": 4, "num_statements": 6, "percent_covered": 66.66666666666667, "percent_covered_display": "66.67", "missing_lines": 2, "excluded_lines": 0, "percent_statements_covered": 66.66666666666667, "percent_statements_covered_display": "66.67"}, "missing_lines": [36, 37], "excluded_lines": [], "start_line": 1}}}}, "totals": {"covered_lines": 720, "num_statements": 840, "percent_covered": 85.71428571428571, "percent_covered_display": "85.71", "missing_lines": 120, "excluded_lines": 0, "percent_statements_covered": 85.71428571428571, "percent_statements_covered_display": "85.71"}}