<?xml version="1.0" encoding="utf-8"?><testsuites name="pytest tests"><testsuite name="pytest" errors="0" failures="55" skipped="0" tests="302" time="21.464" timestamp="2026-02-09T22:56:27.872457+05:30" hostname="IB-Pune-LAP-471"><testcase classname="tests.unit.test_audit" name="test_save_checkpoint_creates_record" time="0.118" /><testcase classname="tests.unit.test_audit" name="test_get_checkpoints_for_request" time="0.036" /><testcase classname="tests.unit.test_audit" name="test_calculate_total_tokens" time="0.031" /><testcase classname="tests.unit.test_audit" name="test_checkpoint_ordering" time="0.031" /><testcase classname="tests.unit.test_audit" name="test_save_checkpoint_with_null_token_count" time="0.029" /><testcase classname="tests.unit.test_audit" name="test_convert_dates_to_iso" time="0.002" /><testcase classname="tests.unit.test_availability" name="test_calculate_requisition_window_with_dates" time="0.001" /><testcase classname="tests.unit.test_availability" name="test_calculate_requisition_window_defaults" time="0.001" /><testcase classname="tests.unit.test_availability" name="test_calculate_requisition_window_iso_strings" time="0.002" /><testcase classname="tests.unit.test_availability" name="test_get_overlapping_allocations_no_overlap" time="0.043" /><testcase classname="tests.unit.test_availability" name="test_get_overlapping_allocations_with_overlap" time="0.029" /><testcase classname="tests.unit.test_availability" name="test_get_overlapping_allocations_excludes_deleted" time="0.027" /><testcase classname="tests.unit.test_availability" name="test_calculate_availability_fully_available" time="0.025" /><testcase classname="tests.unit.test_availability" name="test_calculate_availability_partially_allocated" time="0.024" /><testcase classname="tests.unit.test_availability" name="test_calculate_availability_over_threshold" time="0.013" /><testcase classname="tests.unit.test_availability" name="test_evaluate_availability_full_integration" time="0.016" /><testcase classname="tests.unit.test_resumption_logic" name="test_calculate_requisition_window_iso_strings" time="0.001" /><testcase classname="tests.unit.test_resumption_logic" name="test_convert_dates_to_iso_serialization" time="0.001" /><testcase classname="tests.unit.test_resumption_logic" name="test_resume_requisition_cumulative_state" time="0.012" /><testcase classname="tests.unit.test_resumption_logic" name="test_resume_requisition_reconstructs_input" time="0.005" /><testcase classname="tests.unit.test_scoring" name="test_calculate_skill_score_all_mandatory_matched" time="0.001" /><testcase classname="tests.unit.test_scoring" name="test_calculate_skill_score_partial_mandatory" time="0.001" /><testcase classname="tests.unit.test_scoring" name="test_calculate_skill_score_no_mandatory" time="0.001" /><testcase classname="tests.unit.test_scoring" name="test_calculate_skill_score_no_preferred" time="0.001" /><testcase classname="tests.unit.test_scoring" name="test_calculate_skill_score_custom_weights" time="0.001" /><testcase classname="tests.unit.test_scoring" name="test_calculate_experience_score_within_range" time="0.001" /><testcase classname="tests.unit.test_scoring" name="test_calculate_experience_score_below_minimum" time="0.001" /><testcase classname="tests.unit.test_scoring" name="test_calculate_experience_score_above_maximum" time="0.001" /><testcase classname="tests.unit.test_scoring" name="test_calculate_experience_score_no_requirements" time="0.001" /><testcase classname="tests.unit.test_scoring" name="test_calculate_experience_score_only_minimum" time="0.001" /><testcase classname="tests.unit.test_scoring" name="test_calculate_final_score_default_weights" time="0.001" /><testcase classname="tests.unit.test_scoring" name="test_calculate_final_score_custom_weights" time="0.001" /><testcase classname="tests.unit.test_scoring" name="test_calculate_candidate_score_full_match" time="0.001" /><testcase classname="tests.unit.test_scoring" name="test_calculate_candidate_score_partial_match" time="0.001" /><testcase classname="tests.unit.test_scoring" name="test_calculate_candidate_score_no_skills_required" time="0.001" /><testcase classname="tests.integration.test_health" name="test_health_check" time="0.035" /><testcase classname="tests.integration.test_health" name="test_root_endpoint" time="0.027" /><testcase classname="tests.integration.test_metrics" name="test_metrics_endpoint" time="0.020" /><testcase classname="tests.integration.test_metrics" name="test_metrics_track_requests" time="0.028" /><testcase classname="tests.smoke.test_smoke_suite.TestDatabaseSmoke" name="test_database_connection" time="4.121"><failure message="AssertionError: Database connection failed&#10;assert False is True">E   AssertionError: Database connection failed
    assert False is True</failure></testcase><testcase classname="tests.smoke.test_smoke_suite.TestDatabaseSmoke" name="test_schema_version" time="4.110" /><testcase classname="tests.smoke.test_smoke_suite.TestBatchProcessingSmoke" name="test_dry_run_mode" time="0.014"><failure message="TypeError: 'coroutine' object is not subscriptable">E   TypeError: 'coroutine' object is not subscriptable</failure></testcase><testcase classname="tests.smoke.test_smoke_suite.TestBatchProcessingSmoke" name="test_error_classification" time="0.002" /><testcase classname="tests.smoke.test_smoke_suite.TestOAuthSmoke" name="test_oauth_client_initialization" time="0.002" /><testcase classname="tests.smoke.test_smoke_suite.TestAPIEndpointsSmoke" name="test_health_endpoint" time="4.136"><failure message="AssertionError: Health check failed: 503&#10;assert 503 == 200&#10; +  where 503 = &lt;Response [503 Service Unavailable]&gt;.status_code">E   AssertionError: Health check failed: 503
    assert 503 == 200
     +  where 503 = &lt;Response [503 Service Unavailable]&gt;.status_code</failure></testcase><testcase classname="tests.smoke.test_smoke_suite.TestAPIEndpointsSmoke" name="test_openapi_docs" time="0.013" /><testcase classname="tests.smoke.test_smoke_suite.TestRetryLogicSmoke" name="test_retry_eligibility_check" time="0.006" /><testcase classname="tests.smoke.test_smoke_suite.TestSmokeTestSuite" name="test_suite_execution_time" time="0.002" /><testcase classname="tests.cron.unit.api.test_external_client.TestTeamDataClient" name="test_fetch_team_data_success" time="0.010" /><testcase classname="tests.cron.unit.api.test_external_client.TestTeamDataClient" name="test_fetch_team_data_401_token_refresh" time="0.007" /><testcase classname="tests.cron.unit.api.test_external_client.TestTeamDataClient" name="test_fetch_team_data_timeout" time="0.006" /><testcase classname="tests.cron.unit.api.test_external_client.TestTeamDataClient" name="test_fetch_team_data_network_error" time="0.005" /><testcase classname="tests.cron.unit.api.test_external_client.TestTeamDataClient" name="test_fetch_team_data_http_error" time="0.006" /><testcase classname="tests.cron.unit.api.test_external_client.TestTeamDataClient" name="test_fetch_team_data_invalid_json" time="0.007" /><testcase classname="tests.cron.unit.api.test_external_client.TestTeamDataClient" name="test_fetch_team_data_missing_team_members" time="0.006" /><testcase classname="tests.cron.unit.api.test_external_client.TestTeamDataClient" name="test_fetch_team_data_non_dict_response" time="0.006" /><testcase classname="tests.cron.unit.api.test_external_client.TestTeamDataClient" name="test_fetch_batch_by_id_success" time="0.009" /><testcase classname="tests.cron.unit.api.test_external_client.TestTeamDataClient" name="test_fetch_batch_by_id_not_found" time="0.005" /><testcase classname="tests.cron.unit.api.test_external_client.TestTeamDataClient" name="test_fetch_batch_by_id_401_token_refresh" time="0.005" /><testcase classname="tests.cron.unit.api.test_external_client.TestTeamDataClient" name="test_custom_timeout" time="0.004" /><testcase classname="tests.cron.unit.api.test_external_client.TestTeamDataClient" name="test_correlation_id_propagation" time="0.007" /><testcase classname="tests.cron.unit.api.test_external_client.TestTeamDataClient" name="test_default_settings" time="0.003" /><testcase classname="tests.cron.unit.api.test_external_client.TestTeamDataClient" name="test_retry_strategy_configured" time="0.003" /><testcase classname="tests.cron.unit.db.test_data_transformations.TestSkillIdGeneration" name="test_basic_skill_name_to_id" time="0.010"><failure message="TypeError: object MagicMock can't be used in 'await' expression">E   TypeError: object MagicMock can't be used in 'await' expression</failure></testcase><testcase classname="tests.cron.unit.db.test_data_transformations.TestSkillIdGeneration" name="test_skill_name_with_special_characters" time="0.007"><failure message="TypeError: object MagicMock can't be used in 'await' expression">E   TypeError: object MagicMock can't be used in 'await' expression</failure></testcase><testcase classname="tests.cron.unit.db.test_data_transformations.TestSkillIdGeneration" name="test_skill_name_with_dots_and_slashes" time="0.007"><failure message="TypeError: object MagicMock can't be used in 'await' expression">E   TypeError: object MagicMock can't be used in 'await' expression</failure></testcase><testcase classname="tests.cron.unit.db.test_data_transformations.TestSkillIdGeneration" name="test_skill_name_with_multiple_spaces" time="0.009"><failure message="TypeError: object MagicMock can't be used in 'await' expression">E   TypeError: object MagicMock can't be used in 'await' expression</failure></testcase><testcase classname="tests.cron.unit.db.test_data_transformations.TestSkillIdGeneration" name="test_skill_name_truncation_to_50_chars" time="0.009"><failure message="TypeError: object MagicMock can't be used in 'await' expression">E   TypeError: object MagicMock can't be used in 'await' expression</failure></testcase><testcase classname="tests.cron.unit.db.test_data_transformations.TestSkillIdGeneration" name="test_skill_name_with_leading_trailing_spaces" time="0.015"><failure message="TypeError: object MagicMock can't be used in 'await' expression">E   TypeError: object MagicMock can't be used in 'await' expression</failure></testcase><testcase classname="tests.cron.unit.db.test_data_transformations.TestSkillIdGeneration" name="test_skill_name_with_numbers" time="0.007"><failure message="TypeError: object MagicMock can't be used in 'await' expression">E   TypeError: object MagicMock can't be used in 'await' expression</failure></testcase><testcase classname="tests.cron.unit.db.test_data_transformations.TestSkillIdGeneration" name="test_skill_name_all_special_chars" time="0.008"><failure message="TypeError: object MagicMock can't be used in 'await' expression">E   TypeError: object MagicMock can't be used in 'await' expression</failure></testcase><testcase classname="tests.cron.unit.db.test_data_transformations.TestCategoryNameNormalization" name="test_category_name_whitespace_trimmed" time="0.008"><failure message="TypeError: object MagicMock can't be used in 'await' expression">E   TypeError: object MagicMock can't be used in 'await' expression</failure></testcase><testcase classname="tests.cron.unit.db.test_data_transformations.TestCategoryNameNormalization" name="test_category_name_case_preserved" time="0.008"><failure message="TypeError: object MagicMock can't be used in 'await' expression">E   TypeError: object MagicMock can't be used in 'await' expression</failure></testcase><testcase classname="tests.cron.unit.db.test_data_transformations.TestWorkTypeMapping" name="test_work_mode_to_work_type_wfh" time="0.007"><failure message="TypeError: object MagicMock can't be used in 'await' expression">E   TypeError: object MagicMock can't be used in 'await' expression</failure></testcase><testcase classname="tests.cron.unit.db.test_data_transformations.TestWorkTypeMapping" name="test_work_mode_to_work_type_wfo" time="0.008"><failure message="TypeError: object MagicMock can't be used in 'await' expression">E   TypeError: object MagicMock can't be used in 'await' expression</failure></testcase><testcase classname="tests.cron.unit.db.test_data_transformations.TestWorkTypeMapping" name="test_work_mode_to_work_type_hybrid" time="0.007"><failure message="TypeError: object MagicMock can't be used in 'await' expression">E   TypeError: object MagicMock can't be used in 'await' expression</failure></testcase><testcase classname="tests.cron.unit.db.test_data_transformations.TestIsActiveMapping" name="test_active_status_true" time="0.007"><failure message="TypeError: object MagicMock can't be used in 'await' expression">E   TypeError: object MagicMock can't be used in 'await' expression</failure></testcase><testcase classname="tests.cron.unit.db.test_data_transformations.TestIsActiveMapping" name="test_inactive_status_false" time="0.008"><failure message="TypeError: object MagicMock can't be used in 'await' expression">E   TypeError: object MagicMock can't be used in 'await' expression</failure></testcase><testcase classname="tests.cron.unit.db.test_data_transformations.TestProfileUrlMapping" name="test_profile_url_present" time="0.006"><failure message="TypeError: object MagicMock can't be used in 'await' expression">E   TypeError: object MagicMock can't be used in 'await' expression</failure></testcase><testcase classname="tests.cron.unit.db.test_data_transformations.TestProfileUrlMapping" name="test_profile_url_null" time="0.008"><failure message="TypeError: object MagicMock can't be used in 'await' expression">E   TypeError: object MagicMock can't be used in 'await' expression</failure></testcase><testcase classname="tests.cron.unit.db.test_data_transformations.TestOptionalFieldHandling" name="test_team_member_minimal_required_fields" time="0.008"><failure message="TypeError: object MagicMock can't be used in 'await' expression">E   TypeError: object MagicMock can't be used in 'await' expression</failure></testcase><testcase classname="tests.cron.unit.db.test_data_transformations.TestOptionalFieldHandling" name="test_empty_skills_list" time="0.006" /><testcase classname="tests.cron.unit.db.test_data_transformations.TestOptionalFieldHandling" name="test_empty_allocations_list" time="0.006" /><testcase classname="tests.cron.unit.db.test_data_transformations.TestOptionalFieldHandling" name="test_empty_certifications_list" time="0.006" /><testcase classname="tests.cron.unit.db.test_data_transformations.TestFieldValidation" name="test_missing_team_member_id_raises_error" time="0.005" /><testcase classname="tests.cron.unit.db.test_data_transformations.TestFieldValidation" name="test_allocation_percentage_bounds" time="0.009"><failure message="AssertionError: assert '100' in 'None'">E   AssertionError: assert '100' in 'None'</failure></testcase><testcase classname="tests.cron.unit.db.test_data_transformations.TestDateFormatHandling" name="test_batch_metadata_timestamp" time="0.009" /><testcase classname="tests.cron.unit.db.test_data_transformations.TestDataIntegrity" name="test_skill_rating_decimal_precision" time="0.007"><failure message="AssertionError: assert ('4.567' in 'None' or 'rating' in 'none')&#10; +  where 'none' = &lt;built-in method lower of str object at 0x00000202A015E190&gt;()&#10; +    where &lt;built-in method lower of str object at 0x00000202A015E190&gt; = 'None'.lower">E   AssertionError: assert ('4.567' in 'None' or 'rating' in 'none')
     +  where 'none' = &lt;built-in method lower of str object at 0x00000202A015E190&gt;()
     +    where &lt;built-in method lower of str object at 0x00000202A015E190&gt; = 'None'.lower</failure></testcase><testcase classname="tests.cron.unit.db.test_data_transformations.TestDataIntegrity" name="test_experience_months_integer" time="0.007"><failure message="AssertionError: assert ('36' in 'None' or 'experience' in 'none')&#10; +  where 'none' = &lt;built-in method lower of str object at 0x00000202A015EA00&gt;()&#10; +    where &lt;built-in method lower of str object at 0x00000202A015EA00&gt; = 'None'.lower">E   AssertionError: assert ('36' in 'None' or 'experience' in 'none')
     +  where 'none' = &lt;built-in method lower of str object at 0x00000202A015EA00&gt;()
     +    where &lt;built-in method lower of str object at 0x00000202A015EA00&gt; = 'None'.lower</failure></testcase><testcase classname="tests.cron.unit.db.test_data_transformations.TestDataIntegrity" name="test_is_billable_boolean" time="0.007"><failure message="AssertionError: assert 'is_billable' in 'none'&#10; +  where 'none' = &lt;built-in method lower of str object at 0x00000202A015E0A0&gt;()&#10; +    where &lt;built-in method lower of str object at 0x00000202A015E0A0&gt; = 'None'.lower">E   AssertionError: assert 'is_billable' in 'none'
     +  where 'none' = &lt;built-in method lower of str object at 0x00000202A015E0A0&gt;()
     +    where &lt;built-in method lower of str object at 0x00000202A015E0A0&gt; = 'None'.lower</failure></testcase><testcase classname="tests.cron.unit.db.test_data_transformations.TestDataIntegrity" name="test_is_deleted_boolean" time="0.006"><failure message="AssertionError: assert 'is_deleted' in 'none'&#10; +  where 'none' = &lt;built-in method lower of str object at 0x00000202A01F8900&gt;()&#10; +    where &lt;built-in method lower of str object at 0x00000202A01F8900&gt; = 'None'.lower">E   AssertionError: assert 'is_deleted' in 'none'
     +  where 'none' = &lt;built-in method lower of str object at 0x00000202A01F8900&gt;()
     +    where &lt;built-in method lower of str object at 0x00000202A01F8900&gt; = 'None'.lower</failure></testcase><testcase classname="tests.cron.unit.db.test_data_transformations.TestEdgeCases" name="test_very_long_team_member_name" time="0.007"><failure message="TypeError: object MagicMock can't be used in 'await' expression">E   TypeError: object MagicMock can't be used in 'await' expression</failure></testcase><testcase classname="tests.cron.unit.db.test_data_transformations.TestEdgeCases" name="test_special_characters_in_email" time="0.008"><failure message="TypeError: object MagicMock can't be used in 'await' expression">E   TypeError: object MagicMock can't be used in 'await' expression</failure></testcase><testcase classname="tests.cron.unit.db.test_data_transformations.TestEdgeCases" name="test_zero_allocation_percentage" time="0.007"><failure message="AssertionError: Expected 'execute' to have been called.">E   AssertionError: Expected 'execute' to have been called.

During handling of the above exception, another exception occurred:
E   AssertionError: Expected 'execute' to have been called.</failure></testcase><testcase classname="tests.cron.unit.db.test_data_transformations.TestEdgeCases" name="test_zero_experience_months" time="0.006"><failure message="AssertionError: Expected 'execute' to have been called.">E   AssertionError: Expected 'execute' to have been called.

During handling of the above exception, another exception occurred:
E   AssertionError: Expected 'execute' to have been called.</failure></testcase><testcase classname="tests.cron.unit.db.test_engine" name="test_connection" time="4.064"><failure message="RuntimeError: Failed to create database engine: Failed to validate schema version: (psycopg2.OperationalError) connection to server at &quot;localhost&quot; (::1), port 5433 failed: Connection refused (0x0000274D/10061)&#10;&#09;Is the server running on that host and accepting TCP/IP connections?&#10;connection to server at &quot;localhost&quot; (127.0.0.1), port 5433 failed: Connection refused (0x0000274D/10061)&#10;&#09;Is the server running on that host and accepting TCP/IP connections?&#10;&#10;(Background on this error at: https://sqlalche.me/e/20/e3q8)">E   psycopg2.OperationalError: connection to server at "localhost" (::1), port 5433 failed: Connection refused (0x0000274D/10061)
    	Is the server running on that host and accepting TCP/IP connections?
    connection to server at "localhost" (127.0.0.1), port 5433 failed: Connection refused (0x0000274D/10061)
    	Is the server running on that host and accepting TCP/IP connections?

The above exception was the direct cause of the following exception:
E   sqlalchemy.exc.OperationalError: (psycopg2.OperationalError) connection to server at "localhost" (::1), port 5433 failed: Connection refused (0x0000274D/10061)
    	Is the server running on that host and accepting TCP/IP connections?
    connection to server at "localhost" (127.0.0.1), port 5433 failed: Connection refused (0x0000274D/10061)
    	Is the server running on that host and accepting TCP/IP connections?
    
    (Background on this error at: https://sqlalche.me/e/20/e3q8)

The above exception was the direct cause of the following exception:
E   RuntimeError: Failed to validate schema version: (psycopg2.OperationalError) connection to server at "localhost" (::1), port 5433 failed: Connection refused (0x0000274D/10061)
    	Is the server running on that host and accepting TCP/IP connections?
    connection to server at "localhost" (127.0.0.1), port 5433 failed: Connection refused (0x0000274D/10061)
    	Is the server running on that host and accepting TCP/IP connections?
    
    (Background on this error at: https://sqlalche.me/e/20/e3q8)

The above exception was the direct cause of the following exception:
E   RuntimeError: Failed to create database engine: Failed to validate schema version: (psycopg2.OperationalError) connection to server at "localhost" (::1), port 5433 failed: Connection refused (0x0000274D/10061)
    	Is the server running on that host and accepting TCP/IP connections?
    connection to server at "localhost" (127.0.0.1), port 5433 failed: Connection refused (0x0000274D/10061)
    	Is the server running on that host and accepting TCP/IP connections?
    
    (Background on this error at: https://sqlalche.me/e/20/e3q8)</failure></testcase><testcase classname="tests.cron.unit.db.test_engine.TestCreateIngestionEngine" name="test_create_ingestion_engine_success" time="0.006" /><testcase classname="tests.cron.unit.db.test_engine.TestCreateIngestionEngine" name="test_create_ingestion_engine_custom_pool_settings" time="0.006" /><testcase classname="tests.cron.unit.db.test_engine.TestCreateIngestionEngine" name="test_create_ingestion_engine_skip_validation" time="0.006" /><testcase classname="tests.cron.unit.db.test_engine.TestCreateIngestionEngine" name="test_create_ingestion_engine_validation_failure" time="0.008"><failure message="RuntimeError: Failed to create database engine: Schema mismatch">E   app.cron.db.migrations_check.SchemaMismatchError: Schema mismatch

The above exception was the direct cause of the following exception:
E   RuntimeError: Failed to create database engine: Schema mismatch</failure></testcase><testcase classname="tests.cron.unit.db.test_engine.TestCreateIngestionEngine" name="test_create_ingestion_engine_creation_failure" time="0.005" /><testcase classname="tests.cron.unit.db.test_engine.TestGetEngine" name="test_get_engine_creates_new_engine" time="0.004" /><testcase classname="tests.cron.unit.db.test_engine.TestGetEngine" name="test_get_engine_returns_existing_engine" time="0.004" /><testcase classname="tests.cron.unit.db.test_engine.TestGetEngine" name="test_get_engine_recreate" time="0.009" /><testcase classname="tests.cron.unit.db.test_engine.TestTestConnection" name="test_connection_success" time="0.006" /><testcase classname="tests.cron.unit.db.test_engine.TestTestConnection" name="test_connection_with_provided_engine" time="0.008" /><testcase classname="tests.cron.unit.db.test_engine.TestTestConnection" name="test_connection_unexpected_value" time="0.008" /><testcase classname="tests.cron.unit.db.test_engine.TestTestConnection" name="test_connection_failure" time="0.005" /><testcase classname="tests.cron.unit.db.test_engine.TestDisposeEngine" name="test_dispose_engine_success" time="0.005" /><testcase classname="tests.cron.unit.db.test_engine.TestDisposeEngine" name="test_dispose_engine_no_engine" time="0.002" /><testcase classname="tests.cron.unit.db.test_metadata.TestMetadata" name="test_metadata_object_exists" time="0.002" /><testcase classname="tests.cron.unit.db.test_metadata.TestMetadata" name="test_ingestion_batch_state_table" time="0.002" /><testcase classname="tests.cron.unit.db.test_metadata.TestMetadata" name="test_ingestion_audit_log_table" time="0.001" /><testcase classname="tests.cron.unit.db.test_metadata.TestMetadata" name="test_existing_tables_imported" time="0.001" /><testcase classname="tests.cron.unit.db.test_metadata.TestMetadata" name="test_team_member_table_structure" time="0.001" /><testcase classname="tests.cron.unit.db.test_metadata.TestMetadata" name="test_skill_master_foreign_key" time="0.001" /><testcase classname="tests.cron.unit.db.test_metadata.TestMetadata" name="test_all_tables_in_metadata" time="0.002" /><testcase classname="tests.cron.unit.db.test_metadata.TestMetadata" name="test_metadata_can_generate_ddl" time="0.003" /><testcase classname="tests.cron.unit.db.test_migrations_check.TestGetMigrationInfo" name="test_get_migration_info_success" time="0.005" /><testcase classname="tests.cron.unit.db.test_migrations_check.TestGetMigrationInfo" name="test_get_migration_info_version_0001" time="0.006" /><testcase classname="tests.cron.unit.db.test_migrations_check.TestGetMigrationInfo" name="test_get_migration_info_unknown_version" time="0.005" /><testcase classname="tests.cron.unit.db.test_migrations_check.TestGetMigrationInfo" name="test_get_migration_info_no_version_found" time="0.007" /><testcase classname="tests.cron.unit.db.test_migrations_check.TestGetMigrationInfo" name="test_get_migration_info_connection_error" time="0.004" /><testcase classname="tests.cron.unit.db.test_migrations_check.TestValidateSchemaVersion" name="test_validate_schema_version_success" time="0.004" /><testcase classname="tests.cron.unit.db.test_migrations_check.TestValidateSchemaVersion" name="test_validate_schema_version_mismatch_strict" time="0.004" /><testcase classname="tests.cron.unit.db.test_migrations_check.TestValidateSchemaVersion" name="test_validate_schema_version_mismatch_non_strict" time="0.005" /><testcase classname="tests.cron.unit.db.test_migrations_check.TestValidateSchemaVersion" name="test_validate_schema_version_unexpected_error" time="0.004" /><testcase classname="tests.cron.unit.db.test_migrations_check.TestValidateSchemaVersion" name="test_validate_schema_version_mismatch_error_propagates" time="0.004" /><testcase classname="tests.cron.unit.db.test_repositories.TestUpsertCategory" name="test_insert_new_category" time="0.085"><failure message="sqlalchemy.exc.IntegrityError: (sqlite3.IntegrityError) NOT NULL constraint failed: category_master.category_id&#10;[SQL: INSERT INTO category_master (category_name, created_at) VALUES (?, ?) ON CONFLICT (category_name) DO NOTHING RETURNING category_id]&#10;[parameters: ('Engineering', '2026-02-09 17:26:46.478829')]&#10;(Background on this error at: https://sqlalche.me/e/20/gkpj)">E   sqlite3.IntegrityError: NOT NULL constraint failed: category_master.category_id

The above exception was the direct cause of the following exception:
E   sqlalchemy.exc.IntegrityError: (sqlite3.IntegrityError) NOT NULL constraint failed: category_master.category_id
    [SQL: INSERT INTO category_master (category_name, created_at) VALUES (?, ?) ON CONFLICT (category_name) DO NOTHING RETURNING category_id]
    [parameters: ('Engineering', '2026-02-09 17:26:46.478829')]
    (Background on this error at: https://sqlalche.me/e/20/gkpj)</failure></testcase><testcase classname="tests.cron.unit.db.test_repositories.TestUpsertCategory" name="test_upsert_duplicate_category" time="0.073"><failure message="sqlalchemy.exc.IntegrityError: (sqlite3.IntegrityError) NOT NULL constraint failed: category_master.category_id&#10;[SQL: INSERT INTO category_master (category_name, created_at) VALUES (?, ?) ON CONFLICT (category_name) DO NOTHING RETURNING category_id]&#10;[parameters: ('Engineering', '2026-02-09 17:26:46.564242')]&#10;(Background on this error at: https://sqlalche.me/e/20/gkpj)">E   sqlite3.IntegrityError: NOT NULL constraint failed: category_master.category_id

The above exception was the direct cause of the following exception:
E   sqlalchemy.exc.IntegrityError: (sqlite3.IntegrityError) NOT NULL constraint failed: category_master.category_id
    [SQL: INSERT INTO category_master (category_name, created_at) VALUES (?, ?) ON CONFLICT (category_name) DO NOTHING RETURNING category_id]
    [parameters: ('Engineering', '2026-02-09 17:26:46.564242')]
    (Background on this error at: https://sqlalche.me/e/20/gkpj)</failure></testcase><testcase classname="tests.cron.unit.db.test_repositories.TestUpsertCategory" name="test_upsert_category_case_sensitive" time="0.065"><failure message="sqlalchemy.exc.IntegrityError: (sqlite3.IntegrityError) NOT NULL constraint failed: category_master.category_id&#10;[SQL: INSERT INTO category_master (category_name, created_at) VALUES (?, ?) ON CONFLICT (category_name) DO NOTHING RETURNING category_id]&#10;[parameters: ('Engineering', '2026-02-09 17:26:46.640622')]&#10;(Background on this error at: https://sqlalche.me/e/20/gkpj)">E   sqlite3.IntegrityError: NOT NULL constraint failed: category_master.category_id

The above exception was the direct cause of the following exception:
E   sqlalchemy.exc.IntegrityError: (sqlite3.IntegrityError) NOT NULL constraint failed: category_master.category_id
    [SQL: INSERT INTO category_master (category_name, created_at) VALUES (?, ?) ON CONFLICT (category_name) DO NOTHING RETURNING category_id]
    [parameters: ('Engineering', '2026-02-09 17:26:46.640622')]
    (Background on this error at: https://sqlalche.me/e/20/gkpj)</failure></testcase><testcase classname="tests.cron.unit.db.test_repositories.TestUpsertCategory" name="test_upsert_category_trims_whitespace" time="0.060"><failure message="sqlalchemy.exc.IntegrityError: (sqlite3.IntegrityError) NOT NULL constraint failed: category_master.category_id&#10;[SQL: INSERT INTO category_master (category_name, created_at) VALUES (?, ?) ON CONFLICT (category_name) DO NOTHING RETURNING category_id]&#10;[parameters: ('Engineering', '2026-02-09 17:26:46.714506')]&#10;(Background on this error at: https://sqlalche.me/e/20/gkpj)">E   sqlite3.IntegrityError: NOT NULL constraint failed: category_master.category_id

The above exception was the direct cause of the following exception:
E   sqlalchemy.exc.IntegrityError: (sqlite3.IntegrityError) NOT NULL constraint failed: category_master.category_id
    [SQL: INSERT INTO category_master (category_name, created_at) VALUES (?, ?) ON CONFLICT (category_name) DO NOTHING RETURNING category_id]
    [parameters: ('Engineering', '2026-02-09 17:26:46.714506')]
    (Background on this error at: https://sqlalche.me/e/20/gkpj)</failure></testcase><testcase classname="tests.cron.unit.db.test_repositories.TestUpsertCategory" name="test_upsert_category_empty_name_raises" time="0.057" /><testcase classname="tests.cron.unit.db.test_repositories.TestUpsertCategory" name="test_upsert_category_whitespace_only_raises" time="0.044" /><testcase classname="tests.cron.unit.db.test_repositories.TestUpsertSkill" name="test_insert_new_skill" time="0.044"><failure message="sqlalchemy.exc.IntegrityError: (sqlite3.IntegrityError) NOT NULL constraint failed: category_master.category_id&#10;[SQL: INSERT INTO category_master (category_name, created_at) VALUES (?, ?) ON CONFLICT (category_name) DO NOTHING RETURNING category_id]&#10;[parameters: ('Engineering', '2026-02-09 17:26:46.874380')]&#10;(Background on this error at: https://sqlalche.me/e/20/gkpj)">E   sqlite3.IntegrityError: NOT NULL constraint failed: category_master.category_id

The above exception was the direct cause of the following exception:
E   sqlalchemy.exc.IntegrityError: (sqlite3.IntegrityError) NOT NULL constraint failed: category_master.category_id
    [SQL: INSERT INTO category_master (category_name, created_at) VALUES (?, ?) ON CONFLICT (category_name) DO NOTHING RETURNING category_id]
    [parameters: ('Engineering', '2026-02-09 17:26:46.874380')]
    (Background on this error at: https://sqlalche.me/e/20/gkpj)</failure></testcase><testcase classname="tests.cron.unit.db.test_repositories.TestUpsertSkill" name="test_upsert_skill_generates_id_from_name" time="0.066"><failure message="sqlalchemy.exc.IntegrityError: (sqlite3.IntegrityError) NOT NULL constraint failed: category_master.category_id&#10;[SQL: INSERT INTO category_master (category_name, created_at) VALUES (?, ?) ON CONFLICT (category_name) DO NOTHING RETURNING category_id]&#10;[parameters: ('Engineering', '2026-02-09 17:26:46.953339')]&#10;(Background on this error at: https://sqlalche.me/e/20/gkpj)">E   sqlite3.IntegrityError: NOT NULL constraint failed: category_master.category_id

The above exception was the direct cause of the following exception:
E   sqlalchemy.exc.IntegrityError: (sqlite3.IntegrityError) NOT NULL constraint failed: category_master.category_id
    [SQL: INSERT INTO category_master (category_name, created_at) VALUES (?, ?) ON CONFLICT (category_name) DO NOTHING RETURNING category_id]
    [parameters: ('Engineering', '2026-02-09 17:26:46.953339')]
    (Background on this error at: https://sqlalche.me/e/20/gkpj)</failure></testcase><testcase classname="tests.cron.unit.db.test_repositories.TestUpsertSkill" name="test_upsert_skill_special_characters" time="0.065"><failure message="sqlalchemy.exc.IntegrityError: (sqlite3.IntegrityError) NOT NULL constraint failed: category_master.category_id&#10;[SQL: INSERT INTO category_master (category_name, created_at) VALUES (?, ?) ON CONFLICT (category_name) DO NOTHING RETURNING category_id]&#10;[parameters: ('Engineering', '2026-02-09 17:26:47.031280')]&#10;(Background on this error at: https://sqlalche.me/e/20/gkpj)">E   sqlite3.IntegrityError: NOT NULL constraint failed: category_master.category_id

The above exception was the direct cause of the following exception:
E   sqlalchemy.exc.IntegrityError: (sqlite3.IntegrityError) NOT NULL constraint failed: category_master.category_id
    [SQL: INSERT INTO category_master (category_name, created_at) VALUES (?, ?) ON CONFLICT (category_name) DO NOTHING RETURNING category_id]
    [parameters: ('Engineering', '2026-02-09 17:26:47.031280')]
    (Background on this error at: https://sqlalche.me/e/20/gkpj)</failure></testcase><testcase classname="tests.cron.unit.db.test_repositories.TestUpsertSkill" name="test_upsert_skill_updates_category" time="0.066"><failure message="sqlalchemy.exc.IntegrityError: (sqlite3.IntegrityError) NOT NULL constraint failed: category_master.category_id&#10;[SQL: INSERT INTO category_master (category_name, created_at) VALUES (?, ?) ON CONFLICT (category_name) DO NOTHING RETURNING category_id]&#10;[parameters: ('Engineering', '2026-02-09 17:26:47.110510')]&#10;(Background on this error at: https://sqlalche.me/e/20/gkpj)">E   sqlite3.IntegrityError: NOT NULL constraint failed: category_master.category_id

The above exception was the direct cause of the following exception:
E   sqlalchemy.exc.IntegrityError: (sqlite3.IntegrityError) NOT NULL constraint failed: category_master.category_id
    [SQL: INSERT INTO category_master (category_name, created_at) VALUES (?, ?) ON CONFLICT (category_name) DO NOTHING RETURNING category_id]
    [parameters: ('Engineering', '2026-02-09 17:26:47.110510')]
    (Background on this error at: https://sqlalche.me/e/20/gkpj)</failure></testcase><testcase classname="tests.cron.unit.db.test_repositories.TestUpsertSkill" name="test_upsert_skill_empty_name_raises" time="0.068"><failure message="sqlalchemy.exc.IntegrityError: (sqlite3.IntegrityError) NOT NULL constraint failed: category_master.category_id&#10;[SQL: INSERT INTO category_master (category_name, created_at) VALUES (?, ?) ON CONFLICT (category_name) DO NOTHING RETURNING category_id]&#10;[parameters: ('Engineering', '2026-02-09 17:26:47.189137')]&#10;(Background on this error at: https://sqlalche.me/e/20/gkpj)">E   sqlite3.IntegrityError: NOT NULL constraint failed: category_master.category_id

The above exception was the direct cause of the following exception:
E   sqlalchemy.exc.IntegrityError: (sqlite3.IntegrityError) NOT NULL constraint failed: category_master.category_id
    [SQL: INSERT INTO category_master (category_name, created_at) VALUES (?, ?) ON CONFLICT (category_name) DO NOTHING RETURNING category_id]
    [parameters: ('Engineering', '2026-02-09 17:26:47.189137')]
    (Background on this error at: https://sqlalche.me/e/20/gkpj)</failure></testcase><testcase classname="tests.cron.unit.db.test_repositories.TestUpsertSkill" name="test_upsert_skill_truncates_long_id" time="0.070"><failure message="sqlalchemy.exc.IntegrityError: (sqlite3.IntegrityError) NOT NULL constraint failed: category_master.category_id&#10;[SQL: INSERT INTO category_master (category_name, created_at) VALUES (?, ?) ON CONFLICT (category_name) DO NOTHING RETURNING category_id]&#10;[parameters: ('Engineering', '2026-02-09 17:26:47.269496')]&#10;(Background on this error at: https://sqlalche.me/e/20/gkpj)">E   sqlite3.IntegrityError: NOT NULL constraint failed: category_master.category_id

The above exception was the direct cause of the following exception:
E   sqlalchemy.exc.IntegrityError: (sqlite3.IntegrityError) NOT NULL constraint failed: category_master.category_id
    [SQL: INSERT INTO category_master (category_name, created_at) VALUES (?, ?) ON CONFLICT (category_name) DO NOTHING RETURNING category_id]
    [parameters: ('Engineering', '2026-02-09 17:26:47.269496')]
    (Background on this error at: https://sqlalche.me/e/20/gkpj)</failure></testcase><testcase classname="tests.cron.unit.db.test_repositories.TestUpsertTeamMember" name="test_insert_new_team_member" time="0.075" /><testcase classname="tests.cron.unit.db.test_repositories.TestUpsertTeamMember" name="test_upsert_team_member_updates_existing" time="0.078" /><testcase classname="tests.cron.unit.db.test_repositories.TestUpsertTeamMember" name="test_upsert_team_member_maps_work_mode" time="0.056" /><testcase classname="tests.cron.unit.db.test_repositories.TestUpsertTeamMember" name="test_upsert_team_member_missing_id_raises" time="0.063" /><testcase classname="tests.cron.unit.db.test_repositories.TestUpsertTeamMemberSkills" name="test_insert_team_member_skills" time="0.067"><failure message="sqlalchemy.exc.IntegrityError: (sqlite3.IntegrityError) NOT NULL constraint failed: category_master.category_id&#10;[SQL: INSERT INTO category_master (category_name, created_at) VALUES (?, ?) ON CONFLICT (category_name) DO NOTHING RETURNING category_id]&#10;[parameters: ('Engineering', '2026-02-09 17:26:47.626763')]&#10;(Background on this error at: https://sqlalche.me/e/20/gkpj)">E   sqlite3.IntegrityError: NOT NULL constraint failed: category_master.category_id

The above exception was the direct cause of the following exception:
E   sqlalchemy.exc.IntegrityError: (sqlite3.IntegrityError) NOT NULL constraint failed: category_master.category_id
    [SQL: INSERT INTO category_master (category_name, created_at) VALUES (?, ?) ON CONFLICT (category_name) DO NOTHING RETURNING category_id]
    [parameters: ('Engineering', '2026-02-09 17:26:47.626763')]
    (Background on this error at: https://sqlalche.me/e/20/gkpj)</failure></testcase><testcase classname="tests.cron.unit.db.test_repositories.TestUpsertTeamMemberSkills" name="test_upsert_team_member_skills_updates_existing" time="0.067"><failure message="sqlalchemy.exc.IntegrityError: (sqlite3.IntegrityError) NOT NULL constraint failed: category_master.category_id&#10;[SQL: INSERT INTO category_master (category_name, created_at) VALUES (?, ?) ON CONFLICT (category_name) DO NOTHING RETURNING category_id]&#10;[parameters: ('Engineering', '2026-02-09 17:26:47.711312')]&#10;(Background on this error at: https://sqlalche.me/e/20/gkpj)">E   sqlite3.IntegrityError: NOT NULL constraint failed: category_master.category_id

The above exception was the direct cause of the following exception:
E   sqlalchemy.exc.IntegrityError: (sqlite3.IntegrityError) NOT NULL constraint failed: category_master.category_id
    [SQL: INSERT INTO category_master (category_name, created_at) VALUES (?, ?) ON CONFLICT (category_name) DO NOTHING RETURNING category_id]
    [parameters: ('Engineering', '2026-02-09 17:26:47.711312')]
    (Background on this error at: https://sqlalche.me/e/20/gkpj)</failure></testcase><testcase classname="tests.cron.unit.db.test_repositories.TestUpsertTeamMemberSkills" name="test_upsert_team_member_skills_marks_deleted" time="0.053"><failure message="sqlalchemy.exc.IntegrityError: (sqlite3.IntegrityError) NOT NULL constraint failed: category_master.category_id&#10;[SQL: INSERT INTO category_master (category_name, created_at) VALUES (?, ?) ON CONFLICT (category_name) DO NOTHING RETURNING category_id]&#10;[parameters: ('Engineering', '2026-02-09 17:26:47.768893')]&#10;(Background on this error at: https://sqlalche.me/e/20/gkpj)">E   sqlite3.IntegrityError: NOT NULL constraint failed: category_master.category_id

The above exception was the direct cause of the following exception:
E   sqlalchemy.exc.IntegrityError: (sqlite3.IntegrityError) NOT NULL constraint failed: category_master.category_id
    [SQL: INSERT INTO category_master (category_name, created_at) VALUES (?, ?) ON CONFLICT (category_name) DO NOTHING RETURNING category_id]
    [parameters: ('Engineering', '2026-02-09 17:26:47.768893')]
    (Background on this error at: https://sqlalche.me/e/20/gkpj)</failure></testcase><testcase classname="tests.cron.unit.db.test_repositories.TestUpsertTeamMemberSkills" name="test_upsert_team_member_skills_empty_list" time="0.066" /><testcase classname="tests.cron.unit.db.test_repositories.TestUpsertAllocations" name="test_insert_allocations" time="0.079" /><testcase classname="tests.cron.unit.db.test_repositories.TestUpsertAllocations" name="test_upsert_allocations_updates_existing" time="0.075" /><testcase classname="tests.cron.unit.db.test_repositories.TestUpsertCertifications" name="test_insert_certifications" time="0.066"><failure message="sqlalchemy.exc.IntegrityError: (sqlite3.IntegrityError) NOT NULL constraint failed: category_master.category_id&#10;[SQL: INSERT INTO category_master (category_name, created_at) VALUES (?, ?) ON CONFLICT (category_name) DO NOTHING RETURNING category_id]&#10;[parameters: ('Engineering', '2026-02-09 17:26:48.072512')]&#10;(Background on this error at: https://sqlalche.me/e/20/gkpj)">E   sqlite3.IntegrityError: NOT NULL constraint failed: category_master.category_id

The above exception was the direct cause of the following exception:
E   sqlalchemy.exc.IntegrityError: (sqlite3.IntegrityError) NOT NULL constraint failed: category_master.category_id
    [SQL: INSERT INTO category_master (category_name, created_at) VALUES (?, ?) ON CONFLICT (category_name) DO NOTHING RETURNING category_id]
    [parameters: ('Engineering', '2026-02-09 17:26:48.072512')]
    (Background on this error at: https://sqlalche.me/e/20/gkpj)</failure></testcase><testcase classname="tests.cron.unit.db.test_repositories.TestInitializeBatch" name="test_initialize_new_batch" time="0.076"><failure message="sqlalchemy.exc.CompileError: Unconsumed column names: message, status">E   sqlalchemy.exc.CompileError: Unconsumed column names: message, status</failure></testcase><testcase classname="tests.cron.unit.db.test_repositories.TestInitializeBatch" name="test_initialize_batch_missing_id_raises" time="0.064" /><testcase classname="tests.cron.unit.db.test_repositories.TestUpdateBatchStatus" name="test_update_batch_to_processing" time="0.061"><failure message="sqlalchemy.exc.CompileError: Unconsumed column names: message, status">E   sqlalchemy.exc.CompileError: Unconsumed column names: message, status</failure></testcase><testcase classname="tests.cron.unit.db.test_repositories.TestUpdateBatchStatus" name="test_update_batch_to_success" time="0.037"><failure message="sqlalchemy.exc.CompileError: Unconsumed column names: message, status">E   sqlalchemy.exc.CompileError: Unconsumed column names: message, status</failure></testcase><testcase classname="tests.cron.unit.db.test_repositories.TestUpdateBatchStatus" name="test_update_batch_to_failed" time="0.038"><failure message="sqlalchemy.exc.CompileError: Unconsumed column names: message, status">E   sqlalchemy.exc.CompileError: Unconsumed column names: message, status</failure></testcase><testcase classname="tests.cron.unit.db.test_repositories.TestGetFailedBatches" name="test_get_failed_batches" time="0.045"><failure message="sqlalchemy.exc.CompileError: Unconsumed column names: message, status">E   sqlalchemy.exc.CompileError: Unconsumed column names: message, status</failure></testcase><testcase classname="tests.cron.unit.db.test_repositories.TestGetFailedBatches" name="test_get_failed_batches_limit" time="0.061"><failure message="sqlalchemy.exc.CompileError: Unconsumed column names: message, status">E   sqlalchemy.exc.CompileError: Unconsumed column names: message, status</failure></testcase><testcase classname="tests.cron.unit.db.test_repositories.TestAuditLog" name="test_audit_log_creates_entry" time="0.035"><failure message="sqlalchemy.exc.CompileError: Unconsumed column names: message, status">E   sqlalchemy.exc.CompileError: Unconsumed column names: message, status</failure></testcase><testcase classname="tests.cron.unit.db.test_repositories.TestAuditLog" name="test_audit_log_missing_correlation_id_raises" time="0.032" /><testcase classname="tests.cron.unit.oauth.test_token_client.TestTokenCache" name="test_is_valid_with_valid_token" time="0.002" /><testcase classname="tests.cron.unit.oauth.test_token_client.TestTokenCache" name="test_is_valid_with_expired_token" time="0.001" /><testcase classname="tests.cron.unit.oauth.test_token_client.TestTokenCache" name="test_is_valid_with_buffer_expiration" time="0.001" /><testcase classname="tests.cron.unit.oauth.test_token_client.TestTokenCache" name="test_is_valid_with_no_token" time="0.001" /><testcase classname="tests.cron.unit.oauth.test_token_client.TestTokenCache" name="test_store_token" time="0.001" /><testcase classname="tests.cron.unit.oauth.test_token_client.TestTokenCache" name="test_get_token_valid" time="0.001" /><testcase classname="tests.cron.unit.oauth.test_token_client.TestTokenCache" name="test_get_token_expired" time="0.001" /><testcase classname="tests.cron.unit.oauth.test_token_client.TestTokenCache" name="test_get_token_no_token" time="0.001" /><testcase classname="tests.cron.unit.oauth.test_token_client.TestTokenCache" name="test_clear_cache" time="0.001" /><testcase classname="tests.cron.unit.oauth.test_token_client.TestOAuthClient" name="test_get_access_token_cached" time="0.004" /><testcase classname="tests.cron.unit.oauth.test_token_client.TestOAuthClient" name="test_get_access_token_fetch_new" time="0.003" /><testcase classname="tests.cron.unit.oauth.test_token_client.TestOAuthClient" name="test_fetch_new_token_success" time="0.002" /><testcase classname="tests.cron.unit.oauth.test_token_client.TestOAuthClient" name="test_fetch_new_token_401_error" time="0.003" /><testcase classname="tests.cron.unit.oauth.test_token_client.TestOAuthClient" name="test_fetch_new_token_network_error" time="0.003" /><testcase classname="tests.cron.unit.oauth.test_token_client.TestOAuthClient" name="test_fetch_new_token_invalid_json" time="0.004" /><testcase classname="tests.cron.unit.oauth.test_token_client.TestOAuthClient" name="test_fetch_new_token_missing_access_token" time="0.004" /><testcase classname="tests.cron.unit.oauth.test_token_client.TestOAuthClient" name="test_fetch_new_token_429_error" time="0.003" /><testcase classname="tests.cron.unit.oauth.test_token_client.TestOAuthClient" name="test_clear_cache" time="0.006" /><testcase classname="tests.cron.unit.oauth.test_token_client.TestOAuthClient" name="test_custom_token_url" time="0.003" /><testcase classname="tests.cron.unit.oauth.test_token_client.TestOAuthClient" name="test_token_refresh_flow" time="0.003" /><testcase classname="tests.cron.unit.processing.test_batch_processor.TestProcessBatch" name="test_successful_batch_processing" time="0.008" /><testcase classname="tests.cron.unit.processing.test_batch_processor.TestProcessBatch" name="test_batch_processing_with_multiple_members" time="0.008" /><testcase classname="tests.cron.unit.processing.test_batch_processor.TestProcessBatch" name="test_batch_processing_empty_batch" time="0.008" /><testcase classname="tests.cron.unit.processing.test_batch_processor.TestProcessBatch" name="test_batch_processing_with_metadata" time="0.008" /><testcase classname="tests.cron.unit.processing.test_batch_processor.TestProcessBatch" name="test_batch_processing_rollback_on_error" time="0.009" /><testcase classname="tests.cron.unit.processing.test_batch_processor.TestProcessBatch" name="test_dry_run_mode" time="0.008" /><testcase classname="tests.cron.unit.processing.test_batch_processor.TestProcessAllBatches" name="test_process_multiple_batches" time="0.014" /><testcase classname="tests.cron.unit.processing.test_batch_processor.TestProcessAllBatches" name="test_process_batches_with_failures" time="0.009" /><testcase classname="tests.cron.unit.processing.test_batch_processor.TestProcessAllBatches" name="test_process_batches_skips_missing_batch_id" time="0.009" /><testcase classname="tests.cron.unit.processing.test_batch_processor.TestProcessAllBatches" name="test_process_empty_batches_list" time="0.007" /><testcase classname="tests.cron.unit.processing.test_batch_processor.TestProcessTeamMember" name="test_process_team_member_with_all_data" time="0.008" /><testcase classname="tests.cron.unit.processing.test_batch_processor.TestProcessTeamMember" name="test_process_team_member_without_skills" time="0.010" /><testcase classname="tests.cron.unit.processing.test_batch_processor.TestProcessTeamMember" name="test_process_team_member_missing_id_raises" time="0.005" /><testcase classname="tests.cron.unit.processing.test_batch_processor.TestProcessTeamMember" name="test_process_team_member_with_certifications_from_multiple_skills" time="0.007" /><testcase classname="tests.cron.unit.processing.test_batch_processor.TestMarkBatchFailed" name="test_mark_batch_failed_updates_status" time="0.006" /><testcase classname="tests.cron.unit.processing.test_batch_processor.TestMarkBatchFailed" name="test_mark_batch_failed_swallows_exception" time="0.007" /><testcase classname="tests.cron.unit.processing.test_batch_processor.TestTransactionIsolation" name="test_transaction_isolation_on_partial_failure" time="0.009" /><testcase classname="tests.cron.unit.processing.test_batch_processor.TestTransactionIsolation" name="test_state_transitions_on_error" time="0.009" /><testcase classname="tests.cron.unit.processing.test_error_classifier.TestErrorCategory" name="test_retryable_categories_exist" time="0.001" /><testcase classname="tests.cron.unit.processing.test_error_classifier.TestErrorCategory" name="test_non_retryable_categories_exist" time="0.001" /><testcase classname="tests.cron.unit.processing.test_error_classifier.TestErrorCategory" name="test_infrastructure_categories_exist" time="0.001" /><testcase classname="tests.cron.unit.processing.test_error_classifier.TestClassifyError" name="test_classify_connection_error" time="0.002" /><testcase classname="tests.cron.unit.processing.test_error_classifier.TestClassifyError" name="test_classify_timeout_error" time="0.001" /><testcase classname="tests.cron.unit.processing.test_error_classifier.TestClassifyError" name="test_classify_requests_connection_error" time="0.002" /><testcase classname="tests.cron.unit.processing.test_error_classifier.TestClassifyError" name="test_classify_requests_timeout" time="0.001" /><testcase classname="tests.cron.unit.processing.test_error_classifier.TestClassifyError" name="test_classify_http_429_rate_limit" time="0.001" /><testcase classname="tests.cron.unit.processing.test_error_classifier.TestClassifyError" name="test_classify_http_401_authentication" time="0.001" /><testcase classname="tests.cron.unit.processing.test_error_classifier.TestClassifyError" name="test_classify_http_403_authorization" time="0.001" /><testcase classname="tests.cron.unit.processing.test_error_classifier.TestClassifyError" name="test_classify_http_503_temporary_unavailable" time="0.001" /><testcase classname="tests.cron.unit.processing.test_error_classifier.TestClassifyError" name="test_classify_http_500_server_error" time="0.001" /><testcase classname="tests.cron.unit.processing.test_error_classifier.TestClassifyError" name="test_classify_http_502_bad_gateway" time="0.001" /><testcase classname="tests.cron.unit.processing.test_error_classifier.TestClassifyError" name="test_classify_integrity_error" time="0.001" /><testcase classname="tests.cron.unit.processing.test_error_classifier.TestClassifyError" name="test_classify_operational_error_connection" time="0.001" /><testcase classname="tests.cron.unit.processing.test_error_classifier.TestClassifyError" name="test_classify_operational_error_network" time="0.001" /><testcase classname="tests.cron.unit.processing.test_error_classifier.TestClassifyError" name="test_classify_operational_error_lock" time="0.001" /><testcase classname="tests.cron.unit.processing.test_error_classifier.TestClassifyError" name="test_classify_operational_error_deadlock" time="0.001" /><testcase classname="tests.cron.unit.processing.test_error_classifier.TestClassifyError" name="test_classify_data_error" time="0.001" /><testcase classname="tests.cron.unit.processing.test_error_classifier.TestClassifyError" name="test_classify_value_error" time="0.001" /><testcase classname="tests.cron.unit.processing.test_error_classifier.TestClassifyError" name="test_classify_type_error" time="0.001" /><testcase classname="tests.cron.unit.processing.test_error_classifier.TestClassifyError" name="test_classify_key_error" time="0.001" /><testcase classname="tests.cron.unit.processing.test_error_classifier.TestClassifyError" name="test_classify_attribute_error" time="0.001" /><testcase classname="tests.cron.unit.processing.test_error_classifier.TestClassifyError" name="test_classify_memory_error" time="0.001" /><testcase classname="tests.cron.unit.processing.test_error_classifier.TestClassifyError" name="test_classify_unknown_exception" time="0.001" /><testcase classname="tests.cron.unit.processing.test_error_classifier.TestClassifyError" name="test_classify_custom_exception" time="0.001" /><testcase classname="tests.cron.unit.processing.test_error_classifier.TestIsRetryable" name="test_network_error_is_retryable" time="0.001" /><testcase classname="tests.cron.unit.processing.test_error_classifier.TestIsRetryable" name="test_api_rate_limit_is_retryable" time="0.001" /><testcase classname="tests.cron.unit.processing.test_error_classifier.TestIsRetryable" name="test_database_lock_is_retryable" time="0.001" /><testcase classname="tests.cron.unit.processing.test_error_classifier.TestIsRetryable" name="test_temporary_unavailable_is_retryable" time="0.001" /><testcase classname="tests.cron.unit.processing.test_error_classifier.TestIsRetryable" name="test_authentication_error_not_retryable" time="0.001" /><testcase classname="tests.cron.unit.processing.test_error_classifier.TestIsRetryable" name="test_authorization_error_not_retryable" time="0.001" /><testcase classname="tests.cron.unit.processing.test_error_classifier.TestIsRetryable" name="test_validation_error_not_retryable" time="0.001" /><testcase classname="tests.cron.unit.processing.test_error_classifier.TestIsRetryable" name="test_schema_mismatch_not_retryable" time="0.001" /><testcase classname="tests.cron.unit.processing.test_error_classifier.TestIsRetryable" name="test_constraint_violation_not_retryable" time="0.001" /><testcase classname="tests.cron.unit.processing.test_error_classifier.TestIsRetryable" name="test_database_connection_error_not_retryable" time="0.001" /><testcase classname="tests.cron.unit.processing.test_error_classifier.TestIsRetryable" name="test_out_of_memory_not_retryable" time="0.001" /><testcase classname="tests.cron.unit.processing.test_error_classifier.TestIsRetryable" name="test_unknown_error_not_retryable" time="0.001" /><testcase classname="tests.cron.unit.processing.test_error_classifier.TestGetRetryDelay" name="test_network_error_base_delay" time="0.001" /><testcase classname="tests.cron.unit.processing.test_error_classifier.TestGetRetryDelay" name="test_api_rate_limit_base_delay" time="0.001" /><testcase classname="tests.cron.unit.processing.test_error_classifier.TestGetRetryDelay" name="test_database_lock_base_delay" time="0.001" /><testcase classname="tests.cron.unit.processing.test_error_classifier.TestGetRetryDelay" name="test_temporary_unavailable_base_delay" time="0.001" /><testcase classname="tests.cron.unit.processing.test_error_classifier.TestGetRetryDelay" name="test_exponential_backoff_network_error" time="0.001" /><testcase classname="tests.cron.unit.processing.test_error_classifier.TestGetRetryDelay" name="test_exponential_backoff_capped" time="0.001" /><testcase classname="tests.cron.unit.processing.test_error_classifier.TestGetRetryDelay" name="test_non_retryable_returns_none" time="0.001" /><testcase classname="tests.cron.unit.processing.test_error_classifier.TestGetRetryDelay" name="test_validation_error_returns_none" time="0.001" /><testcase classname="tests.cron.unit.processing.test_error_classifier.TestGetRetryDelay" name="test_unknown_error_returns_none" time="0.001" /><testcase classname="tests.cron.unit.processing.test_error_classifier.TestErrorClassificationIntegration" name="test_classify_and_check_retryable_network" time="0.001" /><testcase classname="tests.cron.unit.processing.test_error_classifier.TestErrorClassificationIntegration" name="test_classify_and_check_retryable_auth" time="0.001" /><testcase classname="tests.cron.unit.processing.test_error_classifier.TestErrorClassificationIntegration" name="test_classify_and_check_retryable_rate_limit" time="0.001" /><testcase classname="tests.cron.unit.processing.test_error_classifier.TestErrorClassificationIntegration" name="test_classify_database_errors" time="0.001" /><testcase classname="tests.cron.unit.processing.test_retry_manager.TestRetryDelayCalculation" name="test_retry_delay_first_attempt" time="0.004" /><testcase classname="tests.cron.unit.processing.test_retry_manager.TestRetryDelayCalculation" name="test_retry_delay_second_attempt" time="0.005" /><testcase classname="tests.cron.unit.processing.test_retry_manager.TestRetryDelayCalculation" name="test_retry_delay_third_attempt" time="0.003" /><testcase classname="tests.cron.unit.processing.test_retry_manager.TestRetryDelayCalculation" name="test_retry_delay_max_cap" time="0.004" /><testcase classname="tests.cron.unit.processing.test_retry_manager.TestRetryDelayCalculation" name="test_retry_delay_zero_count" time="0.004" /><testcase classname="tests.cron.unit.processing.test_retry_manager.TestRetryDelayCalculation" name="test_retry_delay_negative_count" time="0.006" /><testcase classname="tests.cron.unit.processing.test_retry_manager.TestRetryDelayCalculation" name="test_custom_base_delay" time="0.009" /><testcase classname="tests.cron.unit.processing.test_retry_manager.TestRetryEligibility" name="test_failed_batch_eligible" time="0.007" /><testcase classname="tests.cron.unit.processing.test_retry_manager.TestRetryEligibility" name="test_success_batch_not_eligible" time="0.005" /><testcase classname="tests.cron.unit.processing.test_retry_manager.TestRetryEligibility" name="test_processing_batch_not_eligible" time="0.003" /><testcase classname="tests.cron.unit.processing.test_retry_manager.TestRetryEligibility" name="test_max_retries_exceeded" time="0.004" /><testcase classname="tests.cron.unit.processing.test_retry_manager.TestRetryEligibility" name="test_non_retryable_error_category" time="0.004" /><testcase classname="tests.cron.unit.processing.test_retry_manager.TestRetryEligibility" name="test_retryable_error_category" time="0.009" /><testcase classname="tests.cron.unit.processing.test_retry_manager.TestRetryEligibility" name="test_minimum_delay_not_elapsed" time="0.005" /><testcase classname="tests.cron.unit.processing.test_retry_manager.TestRetryEligibility" name="test_minimum_delay_elapsed" time="0.004" /><testcase classname="tests.cron.unit.processing.test_retry_manager.TestRetryEligibility" name="test_no_completed_at_timestamp" time="0.004" /><testcase classname="tests.cron.unit.processing.test_retry_manager.TestRetryEligibility" name="test_invalid_error_category_allows_retry" time="0.004" /><testcase classname="tests.cron.unit.processing.test_retry_manager.TestRetryFailedBatches" name="test_successful_retry" time="0.009" /><testcase classname="tests.cron.unit.processing.test_retry_manager.TestRetryFailedBatches" name="test_failed_retry_not_abandoned" time="0.011" /><testcase classname="tests.cron.unit.processing.test_retry_manager.TestRetryFailedBatches" name="test_failed_retry_max_retries_abandoned" time="0.013" /><testcase classname="tests.cron.unit.processing.test_retry_manager.TestRetryFailedBatches" name="test_exception_during_retry" time="0.015" /><testcase classname="tests.cron.unit.processing.test_retry_manager.TestRetryFailedBatches" name="test_no_failed_batches" time="0.008" /><testcase classname="tests.cron.unit.processing.test_retry_manager.TestRetryFailedBatches" name="test_no_eligible_batches" time="0.010" /><testcase classname="tests.cron.unit.processing.test_retry_manager.TestRetryFailedBatches" name="test_multiple_batches_mixed_results" time="0.013" /><testcase classname="tests.cron.unit.processing.test_retry_manager.TestMarkBatchAbandoned" name="test_mark_batch_abandoned" time="0.011" /><testcase classname="tests.cron.unit.processing.test_retry_manager.TestMarkBatchAbandoned" name="test_abandoned_audit_details" time="0.008" /><testcase classname="tests.cron.unit.processing.test_retry_manager.TestRetryManagerConfiguration" name="test_custom_max_retries" time="0.006" /><testcase classname="tests.cron.unit.processing.test_retry_manager.TestRetryManagerConfiguration" name="test_custom_base_delay_calculation" time="0.007" /><testcase classname="tests.cron.unit.test_main.TestArgumentParsing" name="test_parse_args_defaults" time="0.003" /><testcase classname="tests.cron.unit.test_main.TestArgumentParsing" name="test_parse_args_retry_failed" time="0.004" /><testcase classname="tests.cron.unit.test_main.TestArgumentParsing" name="test_parse_args_dry_run" time="0.004" /><testcase classname="tests.cron.unit.test_main.TestArgumentParsing" name="test_parse_args_log_level" time="0.007" /><testcase classname="tests.cron.unit.test_main.TestArgumentParsing" name="test_parse_args_combined" time="0.003" /><testcase classname="tests.cron.unit.test_main.TestPreRunChecks" name="test_pre_run_checks_success" time="0.007" /><testcase classname="tests.cron.unit.test_main.TestPreRunChecks" name="test_pre_run_checks_database_connection_failure" time="0.005" /><testcase classname="tests.cron.unit.test_main.TestPreRunChecks" name="test_pre_run_checks_schema_mismatch" time="0.009" /><testcase classname="tests.cron.unit.test_main.TestPreRunChecks" name="test_pre_run_checks_oauth_failure" time="0.008" /><testcase classname="tests.cron.unit.test_main.TestPreRunChecks" name="test_pre_run_checks_oauth_exception" time="0.007" /><testcase classname="tests.cron.unit.test_main.TestRunIngestion" name="test_run_ingestion_success" time="0.009" /><testcase classname="tests.cron.unit.test_main.TestRunIngestion" name="test_run_ingestion_partial_success" time="0.007" /><testcase classname="tests.cron.unit.test_main.TestRunIngestion" name="test_run_ingestion_no_data" time="0.008" /><testcase classname="tests.cron.unit.test_main.TestRunIngestion" name="test_run_ingestion_fatal_error" time="0.007" /><testcase classname="tests.cron.unit.test_main.TestRunIngestion" name="test_run_ingestion_dry_run" time="0.008" /><testcase classname="tests.cron.unit.test_main.TestRunRetry" name="test_run_retry_success" time="0.008" /><testcase classname="tests.cron.unit.test_main.TestRunRetry" name="test_run_retry_partial_success" time="0.009" /><testcase classname="tests.cron.unit.test_main.TestRunRetry" name="test_run_retry_fatal_error" time="0.007" /><testcase classname="tests.cron.unit.test_main.TestMainAsync" name="test_main_async_schema_mismatch" time="0.005"><failure message="AttributeError: &lt;module 'app.cron.main' from 'C:\\Users\\Aarya Bhosale\\Documents\\ib-job-skill-mapping-system\\src\\app\\cron\\main.py'&gt; does not have the attribute 'create_engine'">E   AttributeError: &lt;module 'app.cron.main' from 'C:\\Users\\Aarya Bhosale\\Documents\\ib-job-skill-mapping-system\\src\\app\\cron\\main.py'&gt; does not have the attribute 'create_engine'</failure></testcase><testcase classname="tests.cron.unit.test_main.TestMainAsync" name="test_main_async_auth_failure" time="0.005"><failure message="AttributeError: &lt;module 'app.cron.main' from 'C:\\Users\\Aarya Bhosale\\Documents\\ib-job-skill-mapping-system\\src\\app\\cron\\main.py'&gt; does not have the attribute 'create_engine'">E   AttributeError: &lt;module 'app.cron.main' from 'C:\\Users\\Aarya Bhosale\\Documents\\ib-job-skill-mapping-system\\src\\app\\cron\\main.py'&gt; does not have the attribute 'create_engine'</failure></testcase><testcase classname="tests.cron.unit.test_main.TestMain" name="test_main_success" time="0.006" /><testcase classname="tests.cron.unit.test_main.TestMain" name="test_main_with_log_level" time="0.007" /><testcase classname="tests.cron.unit.test_main.TestMain" name="test_main_keyboard_interrupt" time="0.006" /><testcase classname="tests.cron.unit.test_main.TestMain" name="test_main_unexpected_exception" time="0.006" /><testcase classname="tests.cron.unit.test_main.TestExitCodes" name="test_exit_code_values" time="0.004" /></testsuite></testsuites>